---------------------------------------------------------------
[ 2020-01-19T18:41:17+08:00 ] 127.0.0.1 GET info.com/index.php/login
[运行时间：0.202694s] [吞吐率：4.93req/s] [内存消耗：1,255.38kb] [文件加载：33]
[ info ] [ LANG ] E:\phpStudy\PHPTutorial\WWW\work\info_center\thinkphp\lang\zh-cn.php
[ info ] [ ROUTE ] array (
  'type' => 'module',
  'module' => 
  array (
    0 => 'admin',
    1 => 'login',
    2 => 'index',
  ),
  'convert' => false,
)
[ info ] [ HEADER ] array (
  'accept-language' => 'zh-CN,zh;q=0.9',
  'accept-encoding' => 'gzip, deflate',
  'accept' => 'text/html,application/xhtml+xml,application/xml;q=0.9,image/webp,image/apng,*/*;q=0.8,application/signed-exchange;v=b3',
  'user-agent' => 'Mozilla/5.0 (Windows NT 10.0; Win64; x64) AppleWebKit/537.36 (KHTML, like Gecko) Chrome/78.0.3904.97 Safari/537.36',
  'upgrade-insecure-requests' => '1',
  'connection' => 'close',
  'host' => 'info.com',
)
[ info ] [ PARAM ] array (
)
[ info ] [ RUN ] app\admin\controller\Login->index[ E:\phpStudy\PHPTutorial\WWW\work\info_center\application\admin\controller\Login.php ]
[ info ] [ VIEW ] E:\phpStudy\PHPTutorial\WWW\work\info_center\public/../application/admin\view\login\index.html [ array (
) ]
[ info ] [ LOG ] INIT File
---------------------------------------------------------------
[ 2020-01-19T18:41:19+08:00 ] 127.0.0.1 POST info.com/index.php/login
[运行时间：0.183568s] [吞吐率：5.45req/s] [内存消耗：2,456.22kb] [文件加载：44]
[ info ] [ LANG ] E:\phpStudy\PHPTutorial\WWW\work\info_center\thinkphp\lang\zh-cn.php
[ info ] [ ROUTE ] array (
  'type' => 'module',
  'module' => 
  array (
    0 => 'admin',
    1 => 'login',
    2 => 'index',
  ),
  'convert' => false,
)
[ info ] [ HEADER ] array (
  'accept-language' => 'zh-CN,zh;q=0.9',
  'accept-encoding' => 'gzip, deflate',
  'referer' => 'http://info.com/index.php/login',
  'accept' => 'text/html,application/xhtml+xml,application/xml;q=0.9,image/webp,image/apng,*/*;q=0.8,application/signed-exchange;v=b3',
  'user-agent' => 'Mozilla/5.0 (Windows NT 10.0; Win64; x64) AppleWebKit/537.36 (KHTML, like Gecko) Chrome/78.0.3904.97 Safari/537.36',
  'content-type' => 'application/x-www-form-urlencoded',
  'upgrade-insecure-requests' => '1',
  'origin' => 'http://info.com',
  'cache-control' => 'max-age=0',
  'content-length' => '37',
  'connection' => 'close',
  'host' => 'info.com',
)
[ info ] [ PARAM ] array (
  'username' => 'pcl_admin',
  'password' => 'pcl_admin',
)
[ info ] [ RUN ] app\admin\controller\Login->index[ E:\phpStudy\PHPTutorial\WWW\work\info_center\application\admin\controller\Login.php ]
[ info ] [ DB ] INIT mysql
[ info ] [ LOG ] INIT File
[ sql ] [ DB ] CONNECT:[ UseTime:0.039910s ] mysql:host=127.0.0.1;port=3306;dbname=work;charset=utf8
[ sql ] [ SQL ] SHOW COLUMNS FROM `dl_user` [ RunTime:0.039210s ]
[ sql ] [ SQL ] SELECT * FROM `dl_user` WHERE  `username` = 'pcl_admin'  AND `password` = 'pcl_admin' LIMIT 1 [ RunTime:0.000461s ]
---------------------------------------------------------------
[ 2020-01-19T18:41:19+08:00 ] 127.0.0.1 GET info.com/index.php/admin/index/index.html
[运行时间：0.030767s] [吞吐率：32.50req/s] [内存消耗：1,273.61kb] [文件加载：35]
[ info ] [ LANG ] E:\phpStudy\PHPTutorial\WWW\work\info_center\thinkphp\lang\zh-cn.php
[ info ] [ ROUTE ] array (
  'type' => 'module',
  'module' => 
  array (
    0 => 'admin',
    1 => 'index',
    2 => 'index',
  ),
)
[ info ] [ HEADER ] array (
  'cookie' => 'user_info=think%3A%7B%22id%22%3A%221%22%2C%22username%22%3A%22pcl_admin%22%2C%22password%22%3A%22pcl_admin%22%7D',
  'accept-language' => 'zh-CN,zh;q=0.9',
  'accept-encoding' => 'gzip, deflate',
  'referer' => 'http://info.com/index.php/login',
  'accept' => 'text/html,application/xhtml+xml,application/xml;q=0.9,image/webp,image/apng,*/*;q=0.8,application/signed-exchange;v=b3',
  'user-agent' => 'Mozilla/5.0 (Windows NT 10.0; Win64; x64) AppleWebKit/537.36 (KHTML, like Gecko) Chrome/78.0.3904.97 Safari/537.36',
  'upgrade-insecure-requests' => '1',
  'cache-control' => 'max-age=0',
  'connection' => 'close',
  'host' => 'info.com',
)
[ info ] [ PARAM ] array (
)
[ info ] [ RUN ] app\admin\controller\Index->index[ E:\phpStudy\PHPTutorial\WWW\work\info_center\application\admin\controller\Index.php ]
[ info ] [ VIEW ] E:\phpStudy\PHPTutorial\WWW\work\info_center\public/../application/admin\view\index\index.html [ array (
) ]
[ info ] [ LOG ] INIT File
---------------------------------------------------------------
[ 2020-01-19T18:41:19+08:00 ] 127.0.0.1 GET info.com/index.php/admin/index/top.html
[运行时间：0.036667s] [吞吐率：27.27req/s] [内存消耗：1,327.35kb] [文件加载：36]
[ info ] [ LANG ] E:\phpStudy\PHPTutorial\WWW\work\info_center\thinkphp\lang\zh-cn.php
[ info ] [ ROUTE ] array (
  'type' => 'module',
  'module' => 
  array (
    0 => 'admin',
    1 => 'index',
    2 => 'top',
  ),
)
[ info ] [ HEADER ] array (
  'cookie' => 'user_info=think%3A%7B%22id%22%3A%221%22%2C%22username%22%3A%22pcl_admin%22%2C%22password%22%3A%22pcl_admin%22%7D',
  'accept-language' => 'zh-CN,zh;q=0.9',
  'accept-encoding' => 'gzip, deflate',
  'referer' => 'http://info.com/index.php/admin/index/index.html',
  'accept' => 'text/html,application/xhtml+xml,application/xml;q=0.9,image/webp,image/apng,*/*;q=0.8,application/signed-exchange;v=b3',
  'user-agent' => 'Mozilla/5.0 (Windows NT 10.0; Win64; x64) AppleWebKit/537.36 (KHTML, like Gecko) Chrome/78.0.3904.97 Safari/537.36',
  'upgrade-insecure-requests' => '1',
  'connection' => 'close',
  'host' => 'info.com',
)
[ info ] [ PARAM ] array (
)
[ info ] [ RUN ] app\admin\controller\Index->top[ E:\phpStudy\PHPTutorial\WWW\work\info_center\application\admin\controller\Index.php ]
[ info ] [ VIEW ] E:\phpStudy\PHPTutorial\WWW\work\info_center\public/../application/admin\view\index\top.html [ array (
) ]
[ info ] [ LOG ] INIT File
---------------------------------------------------------------
[ 2020-01-19T18:41:20+08:00 ] 127.0.0.1 GET info.com/index.php/admin/index/menu.html
[运行时间：0.020977s] [吞吐率：47.67req/s] [内存消耗：1,335.86kb] [文件加载：36]
[ info ] [ LANG ] E:\phpStudy\PHPTutorial\WWW\work\info_center\thinkphp\lang\zh-cn.php
[ info ] [ ROUTE ] array (
  'type' => 'module',
  'module' => 
  array (
    0 => 'admin',
    1 => 'index',
    2 => 'menu',
  ),
)
[ info ] [ HEADER ] array (
  'cookie' => 'user_info=think%3A%7B%22id%22%3A%221%22%2C%22username%22%3A%22pcl_admin%22%2C%22password%22%3A%22pcl_admin%22%7D',
  'accept-language' => 'zh-CN,zh;q=0.9',
  'accept-encoding' => 'gzip, deflate',
  'referer' => 'http://info.com/index.php/admin/index/index.html',
  'accept' => 'text/html,application/xhtml+xml,application/xml;q=0.9,image/webp,image/apng,*/*;q=0.8,application/signed-exchange;v=b3',
  'user-agent' => 'Mozilla/5.0 (Windows NT 10.0; Win64; x64) AppleWebKit/537.36 (KHTML, like Gecko) Chrome/78.0.3904.97 Safari/537.36',
  'upgrade-insecure-requests' => '1',
  'connection' => 'close',
  'host' => 'info.com',
)
[ info ] [ PARAM ] array (
)
[ info ] [ RUN ] app\admin\controller\Index->menu[ E:\phpStudy\PHPTutorial\WWW\work\info_center\application\admin\controller\Index.php ]
[ info ] [ VIEW ] E:\phpStudy\PHPTutorial\WWW\work\info_center\public/../application/admin\view\index\menu.html [ array (
) ]
[ info ] [ LOG ] INIT File
---------------------------------------------------------------
[ 2020-01-19T18:41:20+08:00 ] 127.0.0.1 GET info.com/index.php/admin/index/main.html
[运行时间：0.024226s] [吞吐率：41.28req/s] [内存消耗：1,273.27kb] [文件加载：35]
[ info ] [ LANG ] E:\phpStudy\PHPTutorial\WWW\work\info_center\thinkphp\lang\zh-cn.php
[ info ] [ ROUTE ] array (
  'type' => 'module',
  'module' => 
  array (
    0 => 'admin',
    1 => 'index',
    2 => 'main',
  ),
)
[ info ] [ HEADER ] array (
  'cookie' => 'user_info=think%3A%7B%22id%22%3A%221%22%2C%22username%22%3A%22pcl_admin%22%2C%22password%22%3A%22pcl_admin%22%7D',
  'accept-language' => 'zh-CN,zh;q=0.9',
  'accept-encoding' => 'gzip, deflate',
  'referer' => 'http://info.com/index.php/admin/index/index.html',
  'accept' => 'text/html,application/xhtml+xml,application/xml;q=0.9,image/webp,image/apng,*/*;q=0.8,application/signed-exchange;v=b3',
  'user-agent' => 'Mozilla/5.0 (Windows NT 10.0; Win64; x64) AppleWebKit/537.36 (KHTML, like Gecko) Chrome/78.0.3904.97 Safari/537.36',
  'upgrade-insecure-requests' => '1',
  'connection' => 'close',
  'host' => 'info.com',
)
[ info ] [ PARAM ] array (
)
[ info ] [ RUN ] app\admin\controller\Index->main[ E:\phpStudy\PHPTutorial\WWW\work\info_center\application\admin\controller\Index.php ]
[ info ] [ VIEW ] E:\phpStudy\PHPTutorial\WWW\work\info_center\public/../application/admin\view\index\main.html [ array (
) ]
[ info ] [ LOG ] INIT File
---------------------------------------------------------------
[ 2020-01-19T18:41:21+08:00 ] 127.0.0.1 GET info.com/index.php/admin/software/upload.html
[运行时间：0.029881s] [吞吐率：33.47req/s] [内存消耗：1,269.63kb] [文件加载：33]
[ info ] [ LANG ] E:\phpStudy\PHPTutorial\WWW\work\info_center\thinkphp\lang\zh-cn.php
[ info ] [ ROUTE ] array (
  'type' => 'module',
  'module' => 
  array (
    0 => 'admin',
    1 => 'software',
    2 => 'upload',
  ),
)
[ info ] [ HEADER ] array (
  'cookie' => 'user_info=think%3A%7B%22id%22%3A%221%22%2C%22username%22%3A%22pcl_admin%22%2C%22password%22%3A%22pcl_admin%22%7D',
  'accept-language' => 'zh-CN,zh;q=0.9',
  'accept-encoding' => 'gzip, deflate',
  'referer' => 'http://info.com/index.php/admin/index/menu.html',
  'accept' => 'text/html,application/xhtml+xml,application/xml;q=0.9,image/webp,image/apng,*/*;q=0.8,application/signed-exchange;v=b3',
  'user-agent' => 'Mozilla/5.0 (Windows NT 10.0; Win64; x64) AppleWebKit/537.36 (KHTML, like Gecko) Chrome/78.0.3904.97 Safari/537.36',
  'upgrade-insecure-requests' => '1',
  'connection' => 'close',
  'host' => 'info.com',
)
[ info ] [ PARAM ] array (
)
[ info ] [ RUN ] app\admin\controller\Software->upload[ E:\phpStudy\PHPTutorial\WWW\work\info_center\application\admin\controller\Software.php ]
[ info ] [ VIEW ] E:\phpStudy\PHPTutorial\WWW\work\info_center\public/../application/admin\view\software\upload.html [ array (
) ]
[ info ] [ LOG ] INIT File
