---------------------------------------------------------------
[ 2020-01-20T09:08:24+08:00 ] 127.0.0.1 GET info.com/index.php/admin/index/index.html
[运行时间：0.288336s] [吞吐率：3.47req/s] [内存消耗：1,273.59kb] [文件加载：35]
[ info ] [ LANG ] E:\phpStudy\PHPTutorial\WWW\work\info_center\thinkphp\lang\zh-cn.php
[ info ] [ ROUTE ] array (
  'type' => 'module',
  'module' => 
  array (
    0 => 'admin',
    1 => 'index',
    2 => 'index',
  ),
)
[ info ] [ HEADER ] array (
  'cookie' => 'user_info=think%3A%7B%22id%22%3A%221%22%2C%22username%22%3A%22pcl_admin%22%2C%22password%22%3A%22pcl_admin%22%7D',
  'accept-language' => 'zh-CN,zh;q=0.9',
  'accept-encoding' => 'gzip, deflate',
  'referer' => 'http://info.com/index.php/login',
  'accept' => 'text/html,application/xhtml+xml,application/xml;q=0.9,image/webp,image/apng,*/*;q=0.8,application/signed-exchange;v=b3',
  'user-agent' => 'Mozilla/5.0 (Windows NT 10.0; Win64; x64) AppleWebKit/537.36 (KHTML, like Gecko) Chrome/78.0.3904.97 Safari/537.36',
  'upgrade-insecure-requests' => '1',
  'cache-control' => 'max-age=0',
  'connection' => 'close',
  'host' => 'info.com',
)
[ info ] [ PARAM ] array (
)
[ info ] [ RUN ] app\admin\controller\Index->index[ E:\phpStudy\PHPTutorial\WWW\work\info_center\application\admin\controller\Index.php ]
[ info ] [ VIEW ] E:\phpStudy\PHPTutorial\WWW\work\info_center\public/../application/admin\view\index\index.html [ array (
) ]
[ info ] [ LOG ] INIT File
---------------------------------------------------------------
[ 2020-01-20T09:08:24+08:00 ] 127.0.0.1 GET info.com/index.php/admin/index/top.html
[运行时间：0.022951s] [吞吐率：43.57req/s] [内存消耗：1,327.35kb] [文件加载：36]
[ info ] [ LANG ] E:\phpStudy\PHPTutorial\WWW\work\info_center\thinkphp\lang\zh-cn.php
[ info ] [ ROUTE ] array (
  'type' => 'module',
  'module' => 
  array (
    0 => 'admin',
    1 => 'index',
    2 => 'top',
  ),
)
[ info ] [ HEADER ] array (
  'cookie' => 'user_info=think%3A%7B%22id%22%3A%221%22%2C%22username%22%3A%22pcl_admin%22%2C%22password%22%3A%22pcl_admin%22%7D',
  'accept-language' => 'zh-CN,zh;q=0.9',
  'accept-encoding' => 'gzip, deflate',
  'referer' => 'http://info.com/index.php/admin/index/index.html',
  'accept' => 'text/html,application/xhtml+xml,application/xml;q=0.9,image/webp,image/apng,*/*;q=0.8,application/signed-exchange;v=b3',
  'user-agent' => 'Mozilla/5.0 (Windows NT 10.0; Win64; x64) AppleWebKit/537.36 (KHTML, like Gecko) Chrome/78.0.3904.97 Safari/537.36',
  'upgrade-insecure-requests' => '1',
  'connection' => 'close',
  'host' => 'info.com',
)
[ info ] [ PARAM ] array (
)
[ info ] [ RUN ] app\admin\controller\Index->top[ E:\phpStudy\PHPTutorial\WWW\work\info_center\application\admin\controller\Index.php ]
[ info ] [ VIEW ] E:\phpStudy\PHPTutorial\WWW\work\info_center\public/../application/admin\view\index\top.html [ array (
) ]
[ info ] [ LOG ] INIT File
---------------------------------------------------------------
[ 2020-01-20T09:08:25+08:00 ] 127.0.0.1 GET info.com/index.php/admin/index/menu.html
[运行时间：0.038266s] [吞吐率：26.13req/s] [内存消耗：1,335.86kb] [文件加载：36]
[ info ] [ LANG ] E:\phpStudy\PHPTutorial\WWW\work\info_center\thinkphp\lang\zh-cn.php
[ info ] [ ROUTE ] array (
  'type' => 'module',
  'module' => 
  array (
    0 => 'admin',
    1 => 'index',
    2 => 'menu',
  ),
)
[ info ] [ HEADER ] array (
  'cookie' => 'user_info=think%3A%7B%22id%22%3A%221%22%2C%22username%22%3A%22pcl_admin%22%2C%22password%22%3A%22pcl_admin%22%7D',
  'accept-language' => 'zh-CN,zh;q=0.9',
  'accept-encoding' => 'gzip, deflate',
  'referer' => 'http://info.com/index.php/admin/index/index.html',
  'accept' => 'text/html,application/xhtml+xml,application/xml;q=0.9,image/webp,image/apng,*/*;q=0.8,application/signed-exchange;v=b3',
  'user-agent' => 'Mozilla/5.0 (Windows NT 10.0; Win64; x64) AppleWebKit/537.36 (KHTML, like Gecko) Chrome/78.0.3904.97 Safari/537.36',
  'upgrade-insecure-requests' => '1',
  'connection' => 'close',
  'host' => 'info.com',
)
[ info ] [ PARAM ] array (
)
[ info ] [ RUN ] app\admin\controller\Index->menu[ E:\phpStudy\PHPTutorial\WWW\work\info_center\application\admin\controller\Index.php ]
[ info ] [ VIEW ] E:\phpStudy\PHPTutorial\WWW\work\info_center\public/../application/admin\view\index\menu.html [ array (
) ]
[ info ] [ LOG ] INIT File
---------------------------------------------------------------
[ 2020-01-20T09:08:25+08:00 ] 127.0.0.1 GET info.com/index.php/admin/index/main.html
[运行时间：0.027295s] [吞吐率：36.64req/s] [内存消耗：1,273.27kb] [文件加载：35]
[ info ] [ LANG ] E:\phpStudy\PHPTutorial\WWW\work\info_center\thinkphp\lang\zh-cn.php
[ info ] [ ROUTE ] array (
  'type' => 'module',
  'module' => 
  array (
    0 => 'admin',
    1 => 'index',
    2 => 'main',
  ),
)
[ info ] [ HEADER ] array (
  'cookie' => 'user_info=think%3A%7B%22id%22%3A%221%22%2C%22username%22%3A%22pcl_admin%22%2C%22password%22%3A%22pcl_admin%22%7D',
  'accept-language' => 'zh-CN,zh;q=0.9',
  'accept-encoding' => 'gzip, deflate',
  'referer' => 'http://info.com/index.php/admin/index/index.html',
  'accept' => 'text/html,application/xhtml+xml,application/xml;q=0.9,image/webp,image/apng,*/*;q=0.8,application/signed-exchange;v=b3',
  'user-agent' => 'Mozilla/5.0 (Windows NT 10.0; Win64; x64) AppleWebKit/537.36 (KHTML, like Gecko) Chrome/78.0.3904.97 Safari/537.36',
  'upgrade-insecure-requests' => '1',
  'connection' => 'close',
  'host' => 'info.com',
)
[ info ] [ PARAM ] array (
)
[ info ] [ RUN ] app\admin\controller\Index->main[ E:\phpStudy\PHPTutorial\WWW\work\info_center\application\admin\controller\Index.php ]
[ info ] [ VIEW ] E:\phpStudy\PHPTutorial\WWW\work\info_center\public/../application/admin\view\index\main.html [ array (
) ]
[ info ] [ LOG ] INIT File
---------------------------------------------------------------
[ 2020-01-20T09:08:26+08:00 ] 127.0.0.1 GET info.com/index.php/admin/software/upload.html
[运行时间：0.023980s] [吞吐率：41.70req/s] [内存消耗：1,269.63kb] [文件加载：33]
[ info ] [ LANG ] E:\phpStudy\PHPTutorial\WWW\work\info_center\thinkphp\lang\zh-cn.php
[ info ] [ ROUTE ] array (
  'type' => 'module',
  'module' => 
  array (
    0 => 'admin',
    1 => 'software',
    2 => 'upload',
  ),
)
[ info ] [ HEADER ] array (
  'cookie' => 'user_info=think%3A%7B%22id%22%3A%221%22%2C%22username%22%3A%22pcl_admin%22%2C%22password%22%3A%22pcl_admin%22%7D',
  'accept-language' => 'zh-CN,zh;q=0.9',
  'accept-encoding' => 'gzip, deflate',
  'referer' => 'http://info.com/index.php/admin/index/menu.html',
  'accept' => 'text/html,application/xhtml+xml,application/xml;q=0.9,image/webp,image/apng,*/*;q=0.8,application/signed-exchange;v=b3',
  'user-agent' => 'Mozilla/5.0 (Windows NT 10.0; Win64; x64) AppleWebKit/537.36 (KHTML, like Gecko) Chrome/78.0.3904.97 Safari/537.36',
  'upgrade-insecure-requests' => '1',
  'connection' => 'close',
  'host' => 'info.com',
)
[ info ] [ PARAM ] array (
)
[ info ] [ RUN ] app\admin\controller\Software->upload[ E:\phpStudy\PHPTutorial\WWW\work\info_center\application\admin\controller\Software.php ]
[ info ] [ VIEW ] E:\phpStudy\PHPTutorial\WWW\work\info_center\public/../application/admin\view\software\upload.html [ array (
) ]
[ info ] [ LOG ] INIT File
