---------------------------------------------------------------
[ 2020-01-02T09:21:06+08:00 ] 127.0.0.1 GET meeting.com/index.php/index/singlepassword/index
[运行时间：0.020057s] [吞吐率：49.86req/s] [内存消耗：1,264.64kb] [文件加载：33]
[ info ] [ LANG ] E:\phpStudy\PHPTutorial\WWW\work\meeting1\thinkphp\lang\zh-cn.php
[ info ] [ ROUTE ] array (
  'type' => 'module',
  'module' => 
  array (
    0 => 'index',
    1 => 'singlepassword',
    2 => 'index',
  ),
)
[ info ] [ HEADER ] array (
  'accept-language' => 'zh-CN,zh;q=0.9',
  'accept-encoding' => 'gzip, deflate',
  'accept' => 'text/html,application/xhtml+xml,application/xml;q=0.9,image/webp,image/apng,*/*;q=0.8,application/signed-exchange;v=b3',
  'user-agent' => 'Mozilla/5.0 (Windows NT 10.0; Win64; x64) AppleWebKit/537.36 (KHTML, like Gecko) Chrome/78.0.3904.97 Safari/537.36',
  'upgrade-insecure-requests' => '1',
  'connection' => 'close',
  'host' => 'meeting.com',
)
[ info ] [ PARAM ] array (
)
[ info ] [ RUN ] app\index\controller\SinglePassword->index[ E:\phpStudy\PHPTutorial\WWW\work\meeting1\application\index\controller\Singlepassword.php ]
[ info ] [ VIEW ] E:\phpStudy\PHPTutorial\WWW\work\meeting1\public/../application/index\view\singlepassword\index.html [ array (
  0 => 'mCRC32',
) ]
[ info ] [ LOG ] INIT File
---------------------------------------------------------------
[ 2020-01-02T09:21:09+08:00 ] 127.0.0.1 POST meeting.com/index.php/index/singlepassword/index
[运行时间：0.147929s] [吞吐率：6.76req/s] [内存消耗：2,127.18kb] [文件加载：41]
[ info ] [ LANG ] E:\phpStudy\PHPTutorial\WWW\work\meeting1\thinkphp\lang\zh-cn.php
[ info ] [ ROUTE ] array (
  'type' => 'module',
  'module' => 
  array (
    0 => 'index',
    1 => 'singlepassword',
    2 => 'index',
  ),
)
[ info ] [ HEADER ] array (
  'accept-language' => 'zh-CN,zh;q=0.9',
  'accept-encoding' => 'gzip, deflate',
  'referer' => 'http://meeting.com/index.php/index/singlepassword/index',
  'accept' => 'text/html,application/xhtml+xml,application/xml;q=0.9,image/webp,image/apng,*/*;q=0.8,application/signed-exchange;v=b3',
  'user-agent' => 'Mozilla/5.0 (Windows NT 10.0; Win64; x64) AppleWebKit/537.36 (KHTML, like Gecko) Chrome/78.0.3904.97 Safari/537.36',
  'content-type' => 'application/x-www-form-urlencoded',
  'upgrade-insecure-requests' => '1',
  'origin' => 'http://meeting.com',
  'cache-control' => 'max-age=0',
  'content-length' => '10',
  'connection' => 'close',
  'host' => 'meeting.com',
)
[ info ] [ PARAM ] array (
  'userID' => '222',
)
[ info ] [ RUN ] app\index\controller\SinglePassword->index[ E:\phpStudy\PHPTutorial\WWW\work\meeting1\application\index\controller\Singlepassword.php ]
[ info ] [ DB ] INIT mysql
[ info ] [ VIEW ] E:\phpStudy\PHPTutorial\WWW\work\meeting1\public/../application/index\view\singlepassword\index.html [ array (
  0 => 'mCRC32',
) ]
[ info ] [ LOG ] INIT File
[ sql ] [ DB ] CONNECT:[ UseTime:0.023241s ] mysql:host=127.0.0.1;port=3306;dbname=work;charset=utf8
[ sql ] [ SQL ] SHOW COLUMNS FROM `t_lock_password` [ RunTime:0.094891s ]
[ sql ] [ SQL ] SELECT `adm_password`,`lockID` FROM `t_lock_password` WHERE  (  userID='222' ) LIMIT 1 [ RunTime:0.004558s ]
---------------------------------------------------------------
[ 2020-01-02T09:21:12+08:00 ] 127.0.0.1 POST meeting.com/index.php/index/singlepassword/index
[运行时间：0.037544s] [吞吐率：26.64req/s] [内存消耗：2,127.17kb] [文件加载：41]
[ info ] [ LANG ] E:\phpStudy\PHPTutorial\WWW\work\meeting1\thinkphp\lang\zh-cn.php
[ info ] [ ROUTE ] array (
  'type' => 'module',
  'module' => 
  array (
    0 => 'index',
    1 => 'singlepassword',
    2 => 'index',
  ),
)
[ info ] [ HEADER ] array (
  'accept-language' => 'zh-CN,zh;q=0.9',
  'accept-encoding' => 'gzip, deflate',
  'referer' => 'http://meeting.com/index.php/index/singlepassword/index',
  'accept' => 'text/html,application/xhtml+xml,application/xml;q=0.9,image/webp,image/apng,*/*;q=0.8,application/signed-exchange;v=b3',
  'user-agent' => 'Mozilla/5.0 (Windows NT 10.0; Win64; x64) AppleWebKit/537.36 (KHTML, like Gecko) Chrome/78.0.3904.97 Safari/537.36',
  'content-type' => 'application/x-www-form-urlencoded',
  'upgrade-insecure-requests' => '1',
  'origin' => 'http://meeting.com',
  'cache-control' => 'max-age=0',
  'content-length' => '10',
  'connection' => 'close',
  'host' => 'meeting.com',
)
[ info ] [ PARAM ] array (
  'userID' => '444',
)
[ info ] [ RUN ] app\index\controller\SinglePassword->index[ E:\phpStudy\PHPTutorial\WWW\work\meeting1\application\index\controller\Singlepassword.php ]
[ info ] [ DB ] INIT mysql
[ info ] [ VIEW ] E:\phpStudy\PHPTutorial\WWW\work\meeting1\public/../application/index\view\singlepassword\index.html [ array (
  0 => 'mCRC32',
) ]
[ info ] [ LOG ] INIT File
[ sql ] [ DB ] CONNECT:[ UseTime:0.010358s ] mysql:host=127.0.0.1;port=3306;dbname=work;charset=utf8
[ sql ] [ SQL ] SHOW COLUMNS FROM `t_lock_password` [ RunTime:0.001300s ]
[ sql ] [ SQL ] SELECT `adm_password`,`lockID` FROM `t_lock_password` WHERE  (  userID='444' ) LIMIT 1 [ RunTime:0.000396s ]
---------------------------------------------------------------
[ 2020-01-02T09:21:14+08:00 ] 127.0.0.1 POST meeting.com/index.php/index/singlepassword/index
[运行时间：0.037755s] [吞吐率：26.49req/s] [内存消耗：2,127.18kb] [文件加载：41]
[ info ] [ LANG ] E:\phpStudy\PHPTutorial\WWW\work\meeting1\thinkphp\lang\zh-cn.php
[ info ] [ ROUTE ] array (
  'type' => 'module',
  'module' => 
  array (
    0 => 'index',
    1 => 'singlepassword',
    2 => 'index',
  ),
)
[ info ] [ HEADER ] array (
  'accept-language' => 'zh-CN,zh;q=0.9',
  'accept-encoding' => 'gzip, deflate',
  'referer' => 'http://meeting.com/index.php/index/singlepassword/index',
  'accept' => 'text/html,application/xhtml+xml,application/xml;q=0.9,image/webp,image/apng,*/*;q=0.8,application/signed-exchange;v=b3',
  'user-agent' => 'Mozilla/5.0 (Windows NT 10.0; Win64; x64) AppleWebKit/537.36 (KHTML, like Gecko) Chrome/78.0.3904.97 Safari/537.36',
  'content-type' => 'application/x-www-form-urlencoded',
  'upgrade-insecure-requests' => '1',
  'origin' => 'http://meeting.com',
  'cache-control' => 'max-age=0',
  'content-length' => '10',
  'connection' => 'close',
  'host' => 'meeting.com',
)
[ info ] [ PARAM ] array (
  'userID' => '333',
)
[ info ] [ RUN ] app\index\controller\SinglePassword->index[ E:\phpStudy\PHPTutorial\WWW\work\meeting1\application\index\controller\Singlepassword.php ]
[ info ] [ DB ] INIT mysql
[ info ] [ VIEW ] E:\phpStudy\PHPTutorial\WWW\work\meeting1\public/../application/index\view\singlepassword\index.html [ array (
  0 => 'mCRC32',
) ]
[ info ] [ LOG ] INIT File
[ sql ] [ DB ] CONNECT:[ UseTime:0.011327s ] mysql:host=127.0.0.1;port=3306;dbname=work;charset=utf8
[ sql ] [ SQL ] SHOW COLUMNS FROM `t_lock_password` [ RunTime:0.001355s ]
[ sql ] [ SQL ] SELECT `adm_password`,`lockID` FROM `t_lock_password` WHERE  (  userID='333' ) LIMIT 1 [ RunTime:0.000415s ]
---------------------------------------------------------------
[ 2020-01-02T10:15:48+08:00 ] 127.0.0.1 GET meeting.com/index.php/index/singlepassword/index
[运行时间：0.031830s] [吞吐率：31.42req/s] [内存消耗：1,264.63kb] [文件加载：33]
[ info ] [ LANG ] E:\phpStudy\PHPTutorial\WWW\work\meeting1\thinkphp\lang\zh-cn.php
[ info ] [ ROUTE ] array (
  'type' => 'module',
  'module' => 
  array (
    0 => 'index',
    1 => 'singlepassword',
    2 => 'index',
  ),
)
[ info ] [ HEADER ] array (
  'accept-language' => 'zh-CN,zh;q=0.9',
  'accept-encoding' => 'gzip, deflate',
  'accept' => 'text/html,application/xhtml+xml,application/xml;q=0.9,image/webp,image/apng,*/*;q=0.8,application/signed-exchange;v=b3',
  'user-agent' => 'Mozilla/5.0 (Windows NT 10.0; Win64; x64) AppleWebKit/537.36 (KHTML, like Gecko) Chrome/78.0.3904.97 Safari/537.36',
  'upgrade-insecure-requests' => '1',
  'connection' => 'close',
  'host' => 'meeting.com',
)
[ info ] [ PARAM ] array (
)
[ info ] [ RUN ] app\index\controller\SinglePassword->index[ E:\phpStudy\PHPTutorial\WWW\work\meeting1\application\index\controller\Singlepassword.php ]
[ info ] [ VIEW ] E:\phpStudy\PHPTutorial\WWW\work\meeting1\public/../application/index\view\singlepassword\index.html [ array (
  0 => 'mCRC32',
) ]
[ info ] [ LOG ] INIT File
---------------------------------------------------------------
[ 2020-01-02T10:15:51+08:00 ] 127.0.0.1 POST meeting.com/index.php/index/singlepassword/index
[运行时间：0.037911s] [吞吐率：26.38req/s] [内存消耗：2,127.17kb] [文件加载：41]
[ info ] [ LANG ] E:\phpStudy\PHPTutorial\WWW\work\meeting1\thinkphp\lang\zh-cn.php
[ info ] [ ROUTE ] array (
  'type' => 'module',
  'module' => 
  array (
    0 => 'index',
    1 => 'singlepassword',
    2 => 'index',
  ),
)
[ info ] [ HEADER ] array (
  'accept-language' => 'zh-CN,zh;q=0.9',
  'accept-encoding' => 'gzip, deflate',
  'referer' => 'http://meeting.com/index.php/index/singlepassword/index',
  'accept' => 'text/html,application/xhtml+xml,application/xml;q=0.9,image/webp,image/apng,*/*;q=0.8,application/signed-exchange;v=b3',
  'user-agent' => 'Mozilla/5.0 (Windows NT 10.0; Win64; x64) AppleWebKit/537.36 (KHTML, like Gecko) Chrome/78.0.3904.97 Safari/537.36',
  'content-type' => 'application/x-www-form-urlencoded',
  'upgrade-insecure-requests' => '1',
  'origin' => 'http://meeting.com',
  'cache-control' => 'max-age=0',
  'content-length' => '10',
  'connection' => 'close',
  'host' => 'meeting.com',
)
[ info ] [ PARAM ] array (
  'userID' => '444',
)
[ info ] [ RUN ] app\index\controller\SinglePassword->index[ E:\phpStudy\PHPTutorial\WWW\work\meeting1\application\index\controller\Singlepassword.php ]
[ info ] [ DB ] INIT mysql
[ info ] [ VIEW ] E:\phpStudy\PHPTutorial\WWW\work\meeting1\public/../application/index\view\singlepassword\index.html [ array (
  0 => 'mCRC32',
) ]
[ info ] [ LOG ] INIT File
[ sql ] [ DB ] CONNECT:[ UseTime:0.010430s ] mysql:host=127.0.0.1;port=3306;dbname=work;charset=utf8
[ sql ] [ SQL ] SHOW COLUMNS FROM `t_lock_password` [ RunTime:0.001749s ]
[ sql ] [ SQL ] SELECT `adm_password`,`lockID` FROM `t_lock_password` WHERE  (  userID='444' ) LIMIT 1 [ RunTime:0.000484s ]
---------------------------------------------------------------
[ 2020-01-02T10:15:53+08:00 ] 127.0.0.1 POST meeting.com/index.php/index/singlepassword/index
[运行时间：0.041894s] [吞吐率：23.87req/s] [内存消耗：2,127.18kb] [文件加载：41]
[ info ] [ LANG ] E:\phpStudy\PHPTutorial\WWW\work\meeting1\thinkphp\lang\zh-cn.php
[ info ] [ ROUTE ] array (
  'type' => 'module',
  'module' => 
  array (
    0 => 'index',
    1 => 'singlepassword',
    2 => 'index',
  ),
)
[ info ] [ HEADER ] array (
  'accept-language' => 'zh-CN,zh;q=0.9',
  'accept-encoding' => 'gzip, deflate',
  'referer' => 'http://meeting.com/index.php/index/singlepassword/index',
  'accept' => 'text/html,application/xhtml+xml,application/xml;q=0.9,image/webp,image/apng,*/*;q=0.8,application/signed-exchange;v=b3',
  'user-agent' => 'Mozilla/5.0 (Windows NT 10.0; Win64; x64) AppleWebKit/537.36 (KHTML, like Gecko) Chrome/78.0.3904.97 Safari/537.36',
  'content-type' => 'application/x-www-form-urlencoded',
  'upgrade-insecure-requests' => '1',
  'origin' => 'http://meeting.com',
  'cache-control' => 'max-age=0',
  'content-length' => '10',
  'connection' => 'close',
  'host' => 'meeting.com',
)
[ info ] [ PARAM ] array (
  'userID' => '333',
)
[ info ] [ RUN ] app\index\controller\SinglePassword->index[ E:\phpStudy\PHPTutorial\WWW\work\meeting1\application\index\controller\Singlepassword.php ]
[ info ] [ DB ] INIT mysql
[ info ] [ VIEW ] E:\phpStudy\PHPTutorial\WWW\work\meeting1\public/../application/index\view\singlepassword\index.html [ array (
  0 => 'mCRC32',
) ]
[ info ] [ LOG ] INIT File
[ sql ] [ DB ] CONNECT:[ UseTime:0.010602s ] mysql:host=127.0.0.1;port=3306;dbname=work;charset=utf8
[ sql ] [ SQL ] SHOW COLUMNS FROM `t_lock_password` [ RunTime:0.005448s ]
[ sql ] [ SQL ] SELECT `adm_password`,`lockID` FROM `t_lock_password` WHERE  (  userID='333' ) LIMIT 1 [ RunTime:0.000431s ]
---------------------------------------------------------------
[ 2020-01-02T10:15:54+08:00 ] 127.0.0.1 POST meeting.com/index.php/index/singlepassword/index
[运行时间：0.039850s] [吞吐率：25.09req/s] [内存消耗：2,127.18kb] [文件加载：41]
[ info ] [ LANG ] E:\phpStudy\PHPTutorial\WWW\work\meeting1\thinkphp\lang\zh-cn.php
[ info ] [ ROUTE ] array (
  'type' => 'module',
  'module' => 
  array (
    0 => 'index',
    1 => 'singlepassword',
    2 => 'index',
  ),
)
[ info ] [ HEADER ] array (
  'accept-language' => 'zh-CN,zh;q=0.9',
  'accept-encoding' => 'gzip, deflate',
  'referer' => 'http://meeting.com/index.php/index/singlepassword/index',
  'accept' => 'text/html,application/xhtml+xml,application/xml;q=0.9,image/webp,image/apng,*/*;q=0.8,application/signed-exchange;v=b3',
  'user-agent' => 'Mozilla/5.0 (Windows NT 10.0; Win64; x64) AppleWebKit/537.36 (KHTML, like Gecko) Chrome/78.0.3904.97 Safari/537.36',
  'content-type' => 'application/x-www-form-urlencoded',
  'upgrade-insecure-requests' => '1',
  'origin' => 'http://meeting.com',
  'cache-control' => 'max-age=0',
  'content-length' => '10',
  'connection' => 'close',
  'host' => 'meeting.com',
)
[ info ] [ PARAM ] array (
  'userID' => '222',
)
[ info ] [ RUN ] app\index\controller\SinglePassword->index[ E:\phpStudy\PHPTutorial\WWW\work\meeting1\application\index\controller\Singlepassword.php ]
[ info ] [ DB ] INIT mysql
[ info ] [ VIEW ] E:\phpStudy\PHPTutorial\WWW\work\meeting1\public/../application/index\view\singlepassword\index.html [ array (
  0 => 'mCRC32',
) ]
[ info ] [ LOG ] INIT File
[ sql ] [ DB ] CONNECT:[ UseTime:0.010941s ] mysql:host=127.0.0.1;port=3306;dbname=work;charset=utf8
[ sql ] [ SQL ] SHOW COLUMNS FROM `t_lock_password` [ RunTime:0.003936s ]
[ sql ] [ SQL ] SELECT `adm_password`,`lockID` FROM `t_lock_password` WHERE  (  userID='222' ) LIMIT 1 [ RunTime:0.000469s ]
---------------------------------------------------------------
[ 2020-01-02T14:13:58+08:00 ] 127.0.0.1 POST meeting.com/index.php/index/singlepassword/index
[运行时间：0.062872s] [吞吐率：15.91req/s] [内存消耗：2,274.91kb] [文件加载：43]
[ info ] [ LANG ] E:\phpStudy\PHPTutorial\WWW\work\meeting1\thinkphp\lang\zh-cn.php
[ info ] [ ROUTE ] array (
  'type' => 'module',
  'module' => 
  array (
    0 => 'index',
    1 => 'singlepassword',
    2 => 'index',
  ),
)
[ info ] [ HEADER ] array (
  'accept-language' => 'zh-CN,zh;q=0.9',
  'accept-encoding' => 'gzip, deflate',
  'referer' => 'http://meeting.com/index.php/index/singlepassword/index',
  'accept' => 'text/html,application/xhtml+xml,application/xml;q=0.9,image/webp,image/apng,*/*;q=0.8,application/signed-exchange;v=b3',
  'content-type' => 'application/x-www-form-urlencoded',
  'origin' => 'http://meeting.com',
  'user-agent' => 'Mozilla/5.0 (Windows NT 10.0; Win64; x64) AppleWebKit/537.36 (KHTML, like Gecko) Chrome/78.0.3904.97 Safari/537.36',
  'upgrade-insecure-requests' => '1',
  'cache-control' => 'max-age=0',
  'content-length' => '10',
  'connection' => 'close',
  'host' => 'meeting.com',
)
[ info ] [ PARAM ] array (
  'userID' => '222',
)
[ info ] [ RUN ] app\index\controller\SinglePassword->index[ E:\phpStudy\PHPTutorial\WWW\work\meeting1\application\index\controller\Singlepassword.php ]
[ info ] [ DB ] INIT mysql
[ info ] [ VIEW ] E:\phpStudy\PHPTutorial\WWW\work\meeting1\public/../application/index\view\singlepassword\index.html [ array (
  0 => 'mCRC32',
) ]
[ info ] [ LOG ] INIT File
[ sql ] [ DB ] CONNECT:[ UseTime:0.011966s ] mysql:host=127.0.0.1;port=3306;dbname=work;charset=utf8
[ sql ] [ SQL ] SHOW COLUMNS FROM `t_lock_password` [ RunTime:0.004058s ]
[ sql ] [ SQL ] SELECT `adm_password`,`lockID` FROM `t_lock_password` WHERE  (  userID='222' ) LIMIT 1 [ RunTime:0.000503s ]
---------------------------------------------------------------
[ 2020-01-02T14:14:00+08:00 ] 127.0.0.1 POST meeting.com/index.php/index/singlepassword/index
[运行时间：0.040502s] [吞吐率：24.69req/s] [内存消耗：2,127.18kb] [文件加载：41]
[ info ] [ LANG ] E:\phpStudy\PHPTutorial\WWW\work\meeting1\thinkphp\lang\zh-cn.php
[ info ] [ ROUTE ] array (
  'type' => 'module',
  'module' => 
  array (
    0 => 'index',
    1 => 'singlepassword',
    2 => 'index',
  ),
)
[ info ] [ HEADER ] array (
  'accept-language' => 'zh-CN,zh;q=0.9',
  'accept-encoding' => 'gzip, deflate',
  'referer' => 'http://meeting.com/index.php/index/singlepassword/index',
  'accept' => 'text/html,application/xhtml+xml,application/xml;q=0.9,image/webp,image/apng,*/*;q=0.8,application/signed-exchange;v=b3',
  'content-type' => 'application/x-www-form-urlencoded',
  'origin' => 'http://meeting.com',
  'user-agent' => 'Mozilla/5.0 (Windows NT 10.0; Win64; x64) AppleWebKit/537.36 (KHTML, like Gecko) Chrome/78.0.3904.97 Safari/537.36',
  'upgrade-insecure-requests' => '1',
  'cache-control' => 'max-age=0',
  'content-length' => '10',
  'connection' => 'close',
  'host' => 'meeting.com',
)
[ info ] [ PARAM ] array (
  'userID' => '222',
)
[ info ] [ RUN ] app\index\controller\SinglePassword->index[ E:\phpStudy\PHPTutorial\WWW\work\meeting1\application\index\controller\Singlepassword.php ]
[ info ] [ DB ] INIT mysql
[ info ] [ VIEW ] E:\phpStudy\PHPTutorial\WWW\work\meeting1\public/../application/index\view\singlepassword\index.html [ array (
  0 => 'mCRC32',
) ]
[ info ] [ LOG ] INIT File
[ sql ] [ DB ] CONNECT:[ UseTime:0.011239s ] mysql:host=127.0.0.1;port=3306;dbname=work;charset=utf8
[ sql ] [ SQL ] SHOW COLUMNS FROM `t_lock_password` [ RunTime:0.002917s ]
[ sql ] [ SQL ] SELECT `adm_password`,`lockID` FROM `t_lock_password` WHERE  (  userID='222' ) LIMIT 1 [ RunTime:0.000523s ]
---------------------------------------------------------------
[ 2020-01-02T18:00:15+08:00 ] 127.0.0.1 GET meeting.com/index.php/index/singlepassword/index
[运行时间：0.080933s] [吞吐率：12.36req/s] [内存消耗：1,265.10kb] [文件加载：33]
[ info ] [ LANG ] E:\phpStudy\PHPTutorial\WWW\work\meeting1\thinkphp\lang\zh-cn.php
[ info ] [ ROUTE ] array (
  'type' => 'module',
  'module' => 
  array (
    0 => 'index',
    1 => 'singlepassword',
    2 => 'index',
  ),
)
[ info ] [ HEADER ] array (
  'accept-language' => 'zh-CN,zh;q=0.9',
  'accept-encoding' => 'gzip, deflate',
  'purpose' => 'prefetch',
  'accept' => 'text/html,application/xhtml+xml,application/xml;q=0.9,image/webp,image/apng,*/*;q=0.8,application/signed-exchange;v=b3',
  'user-agent' => 'Mozilla/5.0 (Windows NT 10.0; Win64; x64) AppleWebKit/537.36 (KHTML, like Gecko) Chrome/78.0.3904.97 Safari/537.36',
  'upgrade-insecure-requests' => '1',
  'connection' => 'close',
  'host' => 'meeting.com',
)
[ info ] [ PARAM ] array (
)
[ info ] [ RUN ] app\index\controller\SinglePassword->index[ E:\phpStudy\PHPTutorial\WWW\work\meeting1\application\index\controller\Singlepassword.php ]
[ info ] [ VIEW ] E:\phpStudy\PHPTutorial\WWW\work\meeting1\public/../application/index\view\singlepassword\index.html [ array (
  0 => 'mCRC32',
) ]
[ info ] [ LOG ] INIT File
---------------------------------------------------------------
[ 2020-01-02T18:02:23+08:00 ] 127.0.0.1 GET meeting.com/index.php/index/singlepassword/index
[运行时间：0.038891s] [吞吐率：25.71req/s] [内存消耗：1,048.13kb] [文件加载：29]
[ info ] [ LANG ] E:\phpStudy\PHPTutorial\WWW\work\meeting1\thinkphp\lang\zh-cn.php
[ info ] [ ROUTE ] array (
  'type' => 'module',
  'module' => 
  array (
    0 => 'index',
    1 => 'singlepassword',
    2 => 'index',
  ),
)
[ info ] [ HEADER ] array (
  'accept-language' => 'zh-CN,zh;q=0.9',
  'accept-encoding' => 'gzip, deflate',
  'accept' => 'text/html,application/xhtml+xml,application/xml;q=0.9,image/webp,image/apng,*/*;q=0.8,application/signed-exchange;v=b3',
  'user-agent' => 'Mozilla/5.0 (Windows NT 10.0; Win64; x64) AppleWebKit/537.36 (KHTML, like Gecko) Chrome/78.0.3904.97 Safari/537.36',
  'upgrade-insecure-requests' => '1',
  'cache-control' => 'max-age=0',
  'connection' => 'close',
  'host' => 'meeting.com',
)
[ info ] [ PARAM ] array (
)
[ info ] [ LOG ] INIT File
---------------------------------------------------------------
[ 2020-01-02T18:02:31+08:00 ] 127.0.0.1 GET meeting.com/index.php/index/singlepassword/index
[运行时间：0.017211s] [吞吐率：58.10req/s] [内存消耗：1,048.13kb] [文件加载：29]
[ info ] [ LANG ] E:\phpStudy\PHPTutorial\WWW\work\meeting1\thinkphp\lang\zh-cn.php
[ info ] [ ROUTE ] array (
  'type' => 'module',
  'module' => 
  array (
    0 => 'index',
    1 => 'singlepassword',
    2 => 'index',
  ),
)
[ info ] [ HEADER ] array (
  'accept-language' => 'zh-CN,zh;q=0.9',
  'accept-encoding' => 'gzip, deflate',
  'accept' => 'text/html,application/xhtml+xml,application/xml;q=0.9,image/webp,image/apng,*/*;q=0.8,application/signed-exchange;v=b3',
  'user-agent' => 'Mozilla/5.0 (Windows NT 10.0; Win64; x64) AppleWebKit/537.36 (KHTML, like Gecko) Chrome/78.0.3904.97 Safari/537.36',
  'upgrade-insecure-requests' => '1',
  'cache-control' => 'max-age=0',
  'connection' => 'close',
  'host' => 'meeting.com',
)
[ info ] [ PARAM ] array (
)
[ info ] [ LOG ] INIT File
---------------------------------------------------------------
[ 2020-01-02T18:03:24+08:00 ] 127.0.0.1 GET meeting.com/index.php/index/singlepassword/index
[运行时间：0.015931s] [吞吐率：62.77req/s] [内存消耗：1,048.13kb] [文件加载：29]
[ info ] [ LANG ] E:\phpStudy\PHPTutorial\WWW\work\meeting1\thinkphp\lang\zh-cn.php
[ info ] [ ROUTE ] array (
  'type' => 'module',
  'module' => 
  array (
    0 => 'index',
    1 => 'singlepassword',
    2 => 'index',
  ),
)
[ info ] [ HEADER ] array (
  'accept-language' => 'zh-CN,zh;q=0.9',
  'accept-encoding' => 'gzip, deflate',
  'accept' => 'text/html,application/xhtml+xml,application/xml;q=0.9,image/webp,image/apng,*/*;q=0.8,application/signed-exchange;v=b3',
  'user-agent' => 'Mozilla/5.0 (Windows NT 10.0; Win64; x64) AppleWebKit/537.36 (KHTML, like Gecko) Chrome/78.0.3904.97 Safari/537.36',
  'upgrade-insecure-requests' => '1',
  'cache-control' => 'max-age=0',
  'connection' => 'close',
  'host' => 'meeting.com',
)
[ info ] [ PARAM ] array (
)
[ info ] [ LOG ] INIT File
---------------------------------------------------------------
[ 2020-01-02T18:03:25+08:00 ] 127.0.0.1 GET meeting.com/index.php/index/singlepassword/index
[运行时间：0.015566s] [吞吐率：64.24req/s] [内存消耗：1,048.13kb] [文件加载：29]
[ info ] [ LANG ] E:\phpStudy\PHPTutorial\WWW\work\meeting1\thinkphp\lang\zh-cn.php
[ info ] [ ROUTE ] array (
  'type' => 'module',
  'module' => 
  array (
    0 => 'index',
    1 => 'singlepassword',
    2 => 'index',
  ),
)
[ info ] [ HEADER ] array (
  'accept-language' => 'zh-CN,zh;q=0.9',
  'accept-encoding' => 'gzip, deflate',
  'accept' => 'text/html,application/xhtml+xml,application/xml;q=0.9,image/webp,image/apng,*/*;q=0.8,application/signed-exchange;v=b3',
  'user-agent' => 'Mozilla/5.0 (Windows NT 10.0; Win64; x64) AppleWebKit/537.36 (KHTML, like Gecko) Chrome/78.0.3904.97 Safari/537.36',
  'upgrade-insecure-requests' => '1',
  'cache-control' => 'max-age=0',
  'connection' => 'close',
  'host' => 'meeting.com',
)
[ info ] [ PARAM ] array (
)
[ info ] [ LOG ] INIT File
---------------------------------------------------------------
[ 2020-01-02T18:03:25+08:00 ] 127.0.0.1 GET meeting.com/index.php/index/singlepassword/index
[运行时间：0.016096s] [吞吐率：62.13req/s] [内存消耗：1,048.13kb] [文件加载：29]
[ info ] [ LANG ] E:\phpStudy\PHPTutorial\WWW\work\meeting1\thinkphp\lang\zh-cn.php
[ info ] [ ROUTE ] array (
  'type' => 'module',
  'module' => 
  array (
    0 => 'index',
    1 => 'singlepassword',
    2 => 'index',
  ),
)
[ info ] [ HEADER ] array (
  'accept-language' => 'zh-CN,zh;q=0.9',
  'accept-encoding' => 'gzip, deflate',
  'accept' => 'text/html,application/xhtml+xml,application/xml;q=0.9,image/webp,image/apng,*/*;q=0.8,application/signed-exchange;v=b3',
  'user-agent' => 'Mozilla/5.0 (Windows NT 10.0; Win64; x64) AppleWebKit/537.36 (KHTML, like Gecko) Chrome/78.0.3904.97 Safari/537.36',
  'upgrade-insecure-requests' => '1',
  'cache-control' => 'max-age=0',
  'connection' => 'close',
  'host' => 'meeting.com',
)
[ info ] [ PARAM ] array (
)
[ info ] [ LOG ] INIT File
---------------------------------------------------------------
[ 2020-01-02T18:03:25+08:00 ] 127.0.0.1 GET meeting.com/index.php/index/singlepassword/index
[运行时间：0.015592s] [吞吐率：64.14req/s] [内存消耗：1,048.13kb] [文件加载：29]
[ info ] [ LANG ] E:\phpStudy\PHPTutorial\WWW\work\meeting1\thinkphp\lang\zh-cn.php
[ info ] [ ROUTE ] array (
  'type' => 'module',
  'module' => 
  array (
    0 => 'index',
    1 => 'singlepassword',
    2 => 'index',
  ),
)
[ info ] [ HEADER ] array (
  'accept-language' => 'zh-CN,zh;q=0.9',
  'accept-encoding' => 'gzip, deflate',
  'accept' => 'text/html,application/xhtml+xml,application/xml;q=0.9,image/webp,image/apng,*/*;q=0.8,application/signed-exchange;v=b3',
  'user-agent' => 'Mozilla/5.0 (Windows NT 10.0; Win64; x64) AppleWebKit/537.36 (KHTML, like Gecko) Chrome/78.0.3904.97 Safari/537.36',
  'upgrade-insecure-requests' => '1',
  'cache-control' => 'max-age=0',
  'connection' => 'close',
  'host' => 'meeting.com',
)
[ info ] [ PARAM ] array (
)
[ info ] [ LOG ] INIT File
---------------------------------------------------------------
[ 2020-01-02T18:03:26+08:00 ] 127.0.0.1 GET meeting.com/index.php/index/singlepassword/index
[运行时间：0.015858s] [吞吐率：63.06req/s] [内存消耗：1,048.13kb] [文件加载：29]
[ info ] [ LANG ] E:\phpStudy\PHPTutorial\WWW\work\meeting1\thinkphp\lang\zh-cn.php
[ info ] [ ROUTE ] array (
  'type' => 'module',
  'module' => 
  array (
    0 => 'index',
    1 => 'singlepassword',
    2 => 'index',
  ),
)
[ info ] [ HEADER ] array (
  'accept-language' => 'zh-CN,zh;q=0.9',
  'accept-encoding' => 'gzip, deflate',
  'accept' => 'text/html,application/xhtml+xml,application/xml;q=0.9,image/webp,image/apng,*/*;q=0.8,application/signed-exchange;v=b3',
  'user-agent' => 'Mozilla/5.0 (Windows NT 10.0; Win64; x64) AppleWebKit/537.36 (KHTML, like Gecko) Chrome/78.0.3904.97 Safari/537.36',
  'upgrade-insecure-requests' => '1',
  'cache-control' => 'max-age=0',
  'connection' => 'close',
  'host' => 'meeting.com',
)
[ info ] [ PARAM ] array (
)
[ info ] [ LOG ] INIT File
---------------------------------------------------------------
[ 2020-01-02T18:03:26+08:00 ] 127.0.0.1 GET meeting.com/index.php/index/singlepassword/index
[运行时间：0.015731s] [吞吐率：63.57req/s] [内存消耗：1,048.13kb] [文件加载：29]
[ info ] [ LANG ] E:\phpStudy\PHPTutorial\WWW\work\meeting1\thinkphp\lang\zh-cn.php
[ info ] [ ROUTE ] array (
  'type' => 'module',
  'module' => 
  array (
    0 => 'index',
    1 => 'singlepassword',
    2 => 'index',
  ),
)
[ info ] [ HEADER ] array (
  'accept-language' => 'zh-CN,zh;q=0.9',
  'accept-encoding' => 'gzip, deflate',
  'accept' => 'text/html,application/xhtml+xml,application/xml;q=0.9,image/webp,image/apng,*/*;q=0.8,application/signed-exchange;v=b3',
  'user-agent' => 'Mozilla/5.0 (Windows NT 10.0; Win64; x64) AppleWebKit/537.36 (KHTML, like Gecko) Chrome/78.0.3904.97 Safari/537.36',
  'upgrade-insecure-requests' => '1',
  'cache-control' => 'max-age=0',
  'connection' => 'close',
  'host' => 'meeting.com',
)
[ info ] [ PARAM ] array (
)
[ info ] [ LOG ] INIT File
---------------------------------------------------------------
[ 2020-01-02T18:03:26+08:00 ] 127.0.0.1 GET meeting.com/index.php/index/singlepassword/index
[运行时间：0.015252s] [吞吐率：65.56req/s] [内存消耗：1,048.13kb] [文件加载：29]
[ info ] [ LANG ] E:\phpStudy\PHPTutorial\WWW\work\meeting1\thinkphp\lang\zh-cn.php
[ info ] [ ROUTE ] array (
  'type' => 'module',
  'module' => 
  array (
    0 => 'index',
    1 => 'singlepassword',
    2 => 'index',
  ),
)
[ info ] [ HEADER ] array (
  'accept-language' => 'zh-CN,zh;q=0.9',
  'accept-encoding' => 'gzip, deflate',
  'accept' => 'text/html,application/xhtml+xml,application/xml;q=0.9,image/webp,image/apng,*/*;q=0.8,application/signed-exchange;v=b3',
  'user-agent' => 'Mozilla/5.0 (Windows NT 10.0; Win64; x64) AppleWebKit/537.36 (KHTML, like Gecko) Chrome/78.0.3904.97 Safari/537.36',
  'upgrade-insecure-requests' => '1',
  'cache-control' => 'max-age=0',
  'connection' => 'close',
  'host' => 'meeting.com',
)
[ info ] [ PARAM ] array (
)
[ info ] [ LOG ] INIT File
---------------------------------------------------------------
[ 2020-01-02T18:03:28+08:00 ] 127.0.0.1 GET meeting.com/index.php/index/singlepassword/index
[运行时间：0.015334s] [吞吐率：65.22req/s] [内存消耗：1,048.13kb] [文件加载：29]
[ info ] [ LANG ] E:\phpStudy\PHPTutorial\WWW\work\meeting1\thinkphp\lang\zh-cn.php
[ info ] [ ROUTE ] array (
  'type' => 'module',
  'module' => 
  array (
    0 => 'index',
    1 => 'singlepassword',
    2 => 'index',
  ),
)
[ info ] [ HEADER ] array (
  'accept-language' => 'zh-CN,zh;q=0.9',
  'accept-encoding' => 'gzip, deflate',
  'accept' => 'text/html,application/xhtml+xml,application/xml;q=0.9,image/webp,image/apng,*/*;q=0.8,application/signed-exchange;v=b3',
  'user-agent' => 'Mozilla/5.0 (Windows NT 10.0; Win64; x64) AppleWebKit/537.36 (KHTML, like Gecko) Chrome/78.0.3904.97 Safari/537.36',
  'upgrade-insecure-requests' => '1',
  'cache-control' => 'max-age=0',
  'connection' => 'close',
  'host' => 'meeting.com',
)
[ info ] [ PARAM ] array (
)
[ info ] [ LOG ] INIT File
---------------------------------------------------------------
[ 2020-01-02T18:03:28+08:00 ] 127.0.0.1 GET meeting.com/index.php/index/singlepassword/index
[运行时间：0.017708s] [吞吐率：56.47req/s] [内存消耗：1,048.13kb] [文件加载：29]
[ info ] [ LANG ] E:\phpStudy\PHPTutorial\WWW\work\meeting1\thinkphp\lang\zh-cn.php
[ info ] [ ROUTE ] array (
  'type' => 'module',
  'module' => 
  array (
    0 => 'index',
    1 => 'singlepassword',
    2 => 'index',
  ),
)
[ info ] [ HEADER ] array (
  'accept-language' => 'zh-CN,zh;q=0.9',
  'accept-encoding' => 'gzip, deflate',
  'accept' => 'text/html,application/xhtml+xml,application/xml;q=0.9,image/webp,image/apng,*/*;q=0.8,application/signed-exchange;v=b3',
  'user-agent' => 'Mozilla/5.0 (Windows NT 10.0; Win64; x64) AppleWebKit/537.36 (KHTML, like Gecko) Chrome/78.0.3904.97 Safari/537.36',
  'upgrade-insecure-requests' => '1',
  'cache-control' => 'max-age=0',
  'connection' => 'close',
  'host' => 'meeting.com',
)
[ info ] [ PARAM ] array (
)
[ info ] [ LOG ] INIT File
---------------------------------------------------------------
[ 2020-01-02T18:03:28+08:00 ] 127.0.0.1 GET meeting.com/index.php/index/singlepassword/index
[运行时间：0.014965s] [吞吐率：66.82req/s] [内存消耗：1,048.13kb] [文件加载：29]
[ info ] [ LANG ] E:\phpStudy\PHPTutorial\WWW\work\meeting1\thinkphp\lang\zh-cn.php
[ info ] [ ROUTE ] array (
  'type' => 'module',
  'module' => 
  array (
    0 => 'index',
    1 => 'singlepassword',
    2 => 'index',
  ),
)
[ info ] [ HEADER ] array (
  'accept-language' => 'zh-CN,zh;q=0.9',
  'accept-encoding' => 'gzip, deflate',
  'accept' => 'text/html,application/xhtml+xml,application/xml;q=0.9,image/webp,image/apng,*/*;q=0.8,application/signed-exchange;v=b3',
  'user-agent' => 'Mozilla/5.0 (Windows NT 10.0; Win64; x64) AppleWebKit/537.36 (KHTML, like Gecko) Chrome/78.0.3904.97 Safari/537.36',
  'upgrade-insecure-requests' => '1',
  'cache-control' => 'max-age=0',
  'connection' => 'close',
  'host' => 'meeting.com',
)
[ info ] [ PARAM ] array (
)
[ info ] [ LOG ] INIT File
---------------------------------------------------------------
[ 2020-01-02T18:03:29+08:00 ] 127.0.0.1 GET meeting.com/index.php/index/singlepassword/index
[运行时间：0.015784s] [吞吐率：63.36req/s] [内存消耗：1,048.13kb] [文件加载：29]
[ info ] [ LANG ] E:\phpStudy\PHPTutorial\WWW\work\meeting1\thinkphp\lang\zh-cn.php
[ info ] [ ROUTE ] array (
  'type' => 'module',
  'module' => 
  array (
    0 => 'index',
    1 => 'singlepassword',
    2 => 'index',
  ),
)
[ info ] [ HEADER ] array (
  'accept-language' => 'zh-CN,zh;q=0.9',
  'accept-encoding' => 'gzip, deflate',
  'accept' => 'text/html,application/xhtml+xml,application/xml;q=0.9,image/webp,image/apng,*/*;q=0.8,application/signed-exchange;v=b3',
  'user-agent' => 'Mozilla/5.0 (Windows NT 10.0; Win64; x64) AppleWebKit/537.36 (KHTML, like Gecko) Chrome/78.0.3904.97 Safari/537.36',
  'upgrade-insecure-requests' => '1',
  'cache-control' => 'max-age=0',
  'connection' => 'close',
  'host' => 'meeting.com',
)
[ info ] [ PARAM ] array (
)
[ info ] [ LOG ] INIT File
---------------------------------------------------------------
[ 2020-01-02T18:03:29+08:00 ] 127.0.0.1 GET meeting.com/index.php/index/singlepassword/index
[运行时间：0.015809s] [吞吐率：63.25req/s] [内存消耗：1,048.13kb] [文件加载：29]
[ info ] [ LANG ] E:\phpStudy\PHPTutorial\WWW\work\meeting1\thinkphp\lang\zh-cn.php
[ info ] [ ROUTE ] array (
  'type' => 'module',
  'module' => 
  array (
    0 => 'index',
    1 => 'singlepassword',
    2 => 'index',
  ),
)
[ info ] [ HEADER ] array (
  'accept-language' => 'zh-CN,zh;q=0.9',
  'accept-encoding' => 'gzip, deflate',
  'accept' => 'text/html,application/xhtml+xml,application/xml;q=0.9,image/webp,image/apng,*/*;q=0.8,application/signed-exchange;v=b3',
  'user-agent' => 'Mozilla/5.0 (Windows NT 10.0; Win64; x64) AppleWebKit/537.36 (KHTML, like Gecko) Chrome/78.0.3904.97 Safari/537.36',
  'upgrade-insecure-requests' => '1',
  'cache-control' => 'max-age=0',
  'connection' => 'close',
  'host' => 'meeting.com',
)
[ info ] [ PARAM ] array (
)
[ info ] [ LOG ] INIT File
---------------------------------------------------------------
[ 2020-01-02T18:03:29+08:00 ] 127.0.0.1 GET meeting.com/index.php/index/singlepassword/index
[运行时间：0.016078s] [吞吐率：62.20req/s] [内存消耗：1,048.13kb] [文件加载：29]
[ info ] [ LANG ] E:\phpStudy\PHPTutorial\WWW\work\meeting1\thinkphp\lang\zh-cn.php
[ info ] [ ROUTE ] array (
  'type' => 'module',
  'module' => 
  array (
    0 => 'index',
    1 => 'singlepassword',
    2 => 'index',
  ),
)
[ info ] [ HEADER ] array (
  'accept-language' => 'zh-CN,zh;q=0.9',
  'accept-encoding' => 'gzip, deflate',
  'accept' => 'text/html,application/xhtml+xml,application/xml;q=0.9,image/webp,image/apng,*/*;q=0.8,application/signed-exchange;v=b3',
  'user-agent' => 'Mozilla/5.0 (Windows NT 10.0; Win64; x64) AppleWebKit/537.36 (KHTML, like Gecko) Chrome/78.0.3904.97 Safari/537.36',
  'upgrade-insecure-requests' => '1',
  'cache-control' => 'max-age=0',
  'connection' => 'close',
  'host' => 'meeting.com',
)
[ info ] [ PARAM ] array (
)
[ info ] [ LOG ] INIT File
---------------------------------------------------------------
[ 2020-01-02T18:03:29+08:00 ] 127.0.0.1 GET meeting.com/index.php/index/singlepassword/index
[运行时间：0.015650s] [吞吐率：63.90req/s] [内存消耗：1,048.13kb] [文件加载：29]
[ info ] [ LANG ] E:\phpStudy\PHPTutorial\WWW\work\meeting1\thinkphp\lang\zh-cn.php
[ info ] [ ROUTE ] array (
  'type' => 'module',
  'module' => 
  array (
    0 => 'index',
    1 => 'singlepassword',
    2 => 'index',
  ),
)
[ info ] [ HEADER ] array (
  'accept-language' => 'zh-CN,zh;q=0.9',
  'accept-encoding' => 'gzip, deflate',
  'accept' => 'text/html,application/xhtml+xml,application/xml;q=0.9,image/webp,image/apng,*/*;q=0.8,application/signed-exchange;v=b3',
  'user-agent' => 'Mozilla/5.0 (Windows NT 10.0; Win64; x64) AppleWebKit/537.36 (KHTML, like Gecko) Chrome/78.0.3904.97 Safari/537.36',
  'upgrade-insecure-requests' => '1',
  'cache-control' => 'max-age=0',
  'connection' => 'close',
  'host' => 'meeting.com',
)
[ info ] [ PARAM ] array (
)
[ info ] [ LOG ] INIT File
---------------------------------------------------------------
[ 2020-01-02T18:03:29+08:00 ] 127.0.0.1 GET meeting.com/index.php/index/singlepassword/index
[运行时间：0.015620s] [吞吐率：64.02req/s] [内存消耗：1,048.13kb] [文件加载：29]
[ info ] [ LANG ] E:\phpStudy\PHPTutorial\WWW\work\meeting1\thinkphp\lang\zh-cn.php
[ info ] [ ROUTE ] array (
  'type' => 'module',
  'module' => 
  array (
    0 => 'index',
    1 => 'singlepassword',
    2 => 'index',
  ),
)
[ info ] [ HEADER ] array (
  'accept-language' => 'zh-CN,zh;q=0.9',
  'accept-encoding' => 'gzip, deflate',
  'accept' => 'text/html,application/xhtml+xml,application/xml;q=0.9,image/webp,image/apng,*/*;q=0.8,application/signed-exchange;v=b3',
  'user-agent' => 'Mozilla/5.0 (Windows NT 10.0; Win64; x64) AppleWebKit/537.36 (KHTML, like Gecko) Chrome/78.0.3904.97 Safari/537.36',
  'upgrade-insecure-requests' => '1',
  'cache-control' => 'max-age=0',
  'connection' => 'close',
  'host' => 'meeting.com',
)
[ info ] [ PARAM ] array (
)
[ info ] [ LOG ] INIT File
---------------------------------------------------------------
[ 2020-01-02T18:03:30+08:00 ] 127.0.0.1 GET meeting.com/index.php/index/singlepassword/index
[运行时间：0.015295s] [吞吐率：65.38req/s] [内存消耗：1,048.13kb] [文件加载：29]
[ info ] [ LANG ] E:\phpStudy\PHPTutorial\WWW\work\meeting1\thinkphp\lang\zh-cn.php
[ info ] [ ROUTE ] array (
  'type' => 'module',
  'module' => 
  array (
    0 => 'index',
    1 => 'singlepassword',
    2 => 'index',
  ),
)
[ info ] [ HEADER ] array (
  'accept-language' => 'zh-CN,zh;q=0.9',
  'accept-encoding' => 'gzip, deflate',
  'accept' => 'text/html,application/xhtml+xml,application/xml;q=0.9,image/webp,image/apng,*/*;q=0.8,application/signed-exchange;v=b3',
  'user-agent' => 'Mozilla/5.0 (Windows NT 10.0; Win64; x64) AppleWebKit/537.36 (KHTML, like Gecko) Chrome/78.0.3904.97 Safari/537.36',
  'upgrade-insecure-requests' => '1',
  'cache-control' => 'max-age=0',
  'connection' => 'close',
  'host' => 'meeting.com',
)
[ info ] [ PARAM ] array (
)
[ info ] [ LOG ] INIT File
---------------------------------------------------------------
[ 2020-01-02T18:03:30+08:00 ] 127.0.0.1 GET meeting.com/index.php/index/singlepassword/index
[运行时间：0.015591s] [吞吐率：64.14req/s] [内存消耗：1,048.13kb] [文件加载：29]
[ info ] [ LANG ] E:\phpStudy\PHPTutorial\WWW\work\meeting1\thinkphp\lang\zh-cn.php
[ info ] [ ROUTE ] array (
  'type' => 'module',
  'module' => 
  array (
    0 => 'index',
    1 => 'singlepassword',
    2 => 'index',
  ),
)
[ info ] [ HEADER ] array (
  'accept-language' => 'zh-CN,zh;q=0.9',
  'accept-encoding' => 'gzip, deflate',
  'accept' => 'text/html,application/xhtml+xml,application/xml;q=0.9,image/webp,image/apng,*/*;q=0.8,application/signed-exchange;v=b3',
  'user-agent' => 'Mozilla/5.0 (Windows NT 10.0; Win64; x64) AppleWebKit/537.36 (KHTML, like Gecko) Chrome/78.0.3904.97 Safari/537.36',
  'upgrade-insecure-requests' => '1',
  'cache-control' => 'max-age=0',
  'connection' => 'close',
  'host' => 'meeting.com',
)
[ info ] [ PARAM ] array (
)
[ info ] [ LOG ] INIT File
---------------------------------------------------------------
[ 2020-01-02T18:03:47+08:00 ] 127.0.0.1 GET meeting.com/index.php/index/singlepassword/index
[运行时间：0.015281s] [吞吐率：65.44req/s] [内存消耗：1,048.13kb] [文件加载：29]
[ info ] [ LANG ] E:\phpStudy\PHPTutorial\WWW\work\meeting1\thinkphp\lang\zh-cn.php
[ info ] [ ROUTE ] array (
  'type' => 'module',
  'module' => 
  array (
    0 => 'index',
    1 => 'singlepassword',
    2 => 'index',
  ),
)
[ info ] [ HEADER ] array (
  'accept-language' => 'zh-CN,zh;q=0.9',
  'accept-encoding' => 'gzip, deflate',
  'accept' => 'text/html,application/xhtml+xml,application/xml;q=0.9,image/webp,image/apng,*/*;q=0.8,application/signed-exchange;v=b3',
  'user-agent' => 'Mozilla/5.0 (Windows NT 10.0; Win64; x64) AppleWebKit/537.36 (KHTML, like Gecko) Chrome/78.0.3904.97 Safari/537.36',
  'upgrade-insecure-requests' => '1',
  'cache-control' => 'max-age=0',
  'connection' => 'close',
  'host' => 'meeting.com',
)
[ info ] [ PARAM ] array (
)
[ info ] [ LOG ] INIT File
---------------------------------------------------------------
[ 2020-01-02T18:03:48+08:00 ] 127.0.0.1 GET meeting.com/index.php/index/singlepassword/index
[运行时间：0.015708s] [吞吐率：63.66req/s] [内存消耗：1,048.13kb] [文件加载：29]
[ info ] [ LANG ] E:\phpStudy\PHPTutorial\WWW\work\meeting1\thinkphp\lang\zh-cn.php
[ info ] [ ROUTE ] array (
  'type' => 'module',
  'module' => 
  array (
    0 => 'index',
    1 => 'singlepassword',
    2 => 'index',
  ),
)
[ info ] [ HEADER ] array (
  'accept-language' => 'zh-CN,zh;q=0.9',
  'accept-encoding' => 'gzip, deflate',
  'accept' => 'text/html,application/xhtml+xml,application/xml;q=0.9,image/webp,image/apng,*/*;q=0.8,application/signed-exchange;v=b3',
  'user-agent' => 'Mozilla/5.0 (Windows NT 10.0; Win64; x64) AppleWebKit/537.36 (KHTML, like Gecko) Chrome/78.0.3904.97 Safari/537.36',
  'upgrade-insecure-requests' => '1',
  'cache-control' => 'max-age=0',
  'connection' => 'close',
  'host' => 'meeting.com',
)
[ info ] [ PARAM ] array (
)
[ info ] [ LOG ] INIT File
---------------------------------------------------------------
[ 2020-01-02T18:03:48+08:00 ] 127.0.0.1 GET meeting.com/index.php/index/singlepassword/index
[运行时间：0.015462s] [吞吐率：64.67req/s] [内存消耗：1,048.13kb] [文件加载：29]
[ info ] [ LANG ] E:\phpStudy\PHPTutorial\WWW\work\meeting1\thinkphp\lang\zh-cn.php
[ info ] [ ROUTE ] array (
  'type' => 'module',
  'module' => 
  array (
    0 => 'index',
    1 => 'singlepassword',
    2 => 'index',
  ),
)
[ info ] [ HEADER ] array (
  'accept-language' => 'zh-CN,zh;q=0.9',
  'accept-encoding' => 'gzip, deflate',
  'accept' => 'text/html,application/xhtml+xml,application/xml;q=0.9,image/webp,image/apng,*/*;q=0.8,application/signed-exchange;v=b3',
  'user-agent' => 'Mozilla/5.0 (Windows NT 10.0; Win64; x64) AppleWebKit/537.36 (KHTML, like Gecko) Chrome/78.0.3904.97 Safari/537.36',
  'upgrade-insecure-requests' => '1',
  'cache-control' => 'max-age=0',
  'connection' => 'close',
  'host' => 'meeting.com',
)
[ info ] [ PARAM ] array (
)
[ info ] [ LOG ] INIT File
---------------------------------------------------------------
[ 2020-01-02T18:03:48+08:00 ] 127.0.0.1 GET meeting.com/index.php/index/singlepassword/index
[运行时间：0.015805s] [吞吐率：63.27req/s] [内存消耗：1,048.13kb] [文件加载：29]
[ info ] [ LANG ] E:\phpStudy\PHPTutorial\WWW\work\meeting1\thinkphp\lang\zh-cn.php
[ info ] [ ROUTE ] array (
  'type' => 'module',
  'module' => 
  array (
    0 => 'index',
    1 => 'singlepassword',
    2 => 'index',
  ),
)
[ info ] [ HEADER ] array (
  'accept-language' => 'zh-CN,zh;q=0.9',
  'accept-encoding' => 'gzip, deflate',
  'accept' => 'text/html,application/xhtml+xml,application/xml;q=0.9,image/webp,image/apng,*/*;q=0.8,application/signed-exchange;v=b3',
  'user-agent' => 'Mozilla/5.0 (Windows NT 10.0; Win64; x64) AppleWebKit/537.36 (KHTML, like Gecko) Chrome/78.0.3904.97 Safari/537.36',
  'upgrade-insecure-requests' => '1',
  'cache-control' => 'max-age=0',
  'connection' => 'close',
  'host' => 'meeting.com',
)
[ info ] [ PARAM ] array (
)
[ info ] [ LOG ] INIT File
---------------------------------------------------------------
[ 2020-01-02T18:03:48+08:00 ] 127.0.0.1 GET meeting.com/index.php/index/singlepassword/index
[运行时间：0.015351s] [吞吐率：65.14req/s] [内存消耗：1,048.13kb] [文件加载：29]
[ info ] [ LANG ] E:\phpStudy\PHPTutorial\WWW\work\meeting1\thinkphp\lang\zh-cn.php
[ info ] [ ROUTE ] array (
  'type' => 'module',
  'module' => 
  array (
    0 => 'index',
    1 => 'singlepassword',
    2 => 'index',
  ),
)
[ info ] [ HEADER ] array (
  'accept-language' => 'zh-CN,zh;q=0.9',
  'accept-encoding' => 'gzip, deflate',
  'accept' => 'text/html,application/xhtml+xml,application/xml;q=0.9,image/webp,image/apng,*/*;q=0.8,application/signed-exchange;v=b3',
  'user-agent' => 'Mozilla/5.0 (Windows NT 10.0; Win64; x64) AppleWebKit/537.36 (KHTML, like Gecko) Chrome/78.0.3904.97 Safari/537.36',
  'upgrade-insecure-requests' => '1',
  'cache-control' => 'max-age=0',
  'connection' => 'close',
  'host' => 'meeting.com',
)
[ info ] [ PARAM ] array (
)
[ info ] [ LOG ] INIT File
---------------------------------------------------------------
[ 2020-01-02T18:03:49+08:00 ] 127.0.0.1 GET meeting.com/index.php/index/singlepassword/index
[运行时间：0.015729s] [吞吐率：63.58req/s] [内存消耗：1,048.13kb] [文件加载：29]
[ info ] [ LANG ] E:\phpStudy\PHPTutorial\WWW\work\meeting1\thinkphp\lang\zh-cn.php
[ info ] [ ROUTE ] array (
  'type' => 'module',
  'module' => 
  array (
    0 => 'index',
    1 => 'singlepassword',
    2 => 'index',
  ),
)
[ info ] [ HEADER ] array (
  'accept-language' => 'zh-CN,zh;q=0.9',
  'accept-encoding' => 'gzip, deflate',
  'accept' => 'text/html,application/xhtml+xml,application/xml;q=0.9,image/webp,image/apng,*/*;q=0.8,application/signed-exchange;v=b3',
  'user-agent' => 'Mozilla/5.0 (Windows NT 10.0; Win64; x64) AppleWebKit/537.36 (KHTML, like Gecko) Chrome/78.0.3904.97 Safari/537.36',
  'upgrade-insecure-requests' => '1',
  'cache-control' => 'max-age=0',
  'connection' => 'close',
  'host' => 'meeting.com',
)
[ info ] [ PARAM ] array (
)
[ info ] [ LOG ] INIT File
---------------------------------------------------------------
[ 2020-01-02T18:03:49+08:00 ] 127.0.0.1 GET meeting.com/index.php/index/singlepassword/index
[运行时间：0.016574s] [吞吐率：60.34req/s] [内存消耗：1,048.13kb] [文件加载：29]
[ info ] [ LANG ] E:\phpStudy\PHPTutorial\WWW\work\meeting1\thinkphp\lang\zh-cn.php
[ info ] [ ROUTE ] array (
  'type' => 'module',
  'module' => 
  array (
    0 => 'index',
    1 => 'singlepassword',
    2 => 'index',
  ),
)
[ info ] [ HEADER ] array (
  'accept-language' => 'zh-CN,zh;q=0.9',
  'accept-encoding' => 'gzip, deflate',
  'accept' => 'text/html,application/xhtml+xml,application/xml;q=0.9,image/webp,image/apng,*/*;q=0.8,application/signed-exchange;v=b3',
  'user-agent' => 'Mozilla/5.0 (Windows NT 10.0; Win64; x64) AppleWebKit/537.36 (KHTML, like Gecko) Chrome/78.0.3904.97 Safari/537.36',
  'upgrade-insecure-requests' => '1',
  'cache-control' => 'max-age=0',
  'connection' => 'close',
  'host' => 'meeting.com',
)
[ info ] [ PARAM ] array (
)
[ info ] [ LOG ] INIT File
---------------------------------------------------------------
[ 2020-01-02T18:04:22+08:00 ] 127.0.0.1 GET meeting.com/index.php/index/singlepassword/index
[运行时间：0.017021s] [吞吐率：58.75req/s] [内存消耗：1,048.13kb] [文件加载：29]
[ info ] [ LANG ] E:\phpStudy\PHPTutorial\WWW\work\meeting1\thinkphp\lang\zh-cn.php
[ info ] [ ROUTE ] array (
  'type' => 'module',
  'module' => 
  array (
    0 => 'index',
    1 => 'singlepassword',
    2 => 'index',
  ),
)
[ info ] [ HEADER ] array (
  'accept-language' => 'zh-CN,zh;q=0.9',
  'accept-encoding' => 'gzip, deflate',
  'accept' => 'text/html,application/xhtml+xml,application/xml;q=0.9,image/webp,image/apng,*/*;q=0.8,application/signed-exchange;v=b3',
  'user-agent' => 'Mozilla/5.0 (Windows NT 10.0; Win64; x64) AppleWebKit/537.36 (KHTML, like Gecko) Chrome/78.0.3904.97 Safari/537.36',
  'upgrade-insecure-requests' => '1',
  'cache-control' => 'max-age=0',
  'connection' => 'close',
  'host' => 'meeting.com',
)
[ info ] [ PARAM ] array (
)
[ info ] [ LOG ] INIT File
---------------------------------------------------------------
[ 2020-01-02T18:04:23+08:00 ] 127.0.0.1 GET meeting.com/index.php/index/singlepassword/index
[运行时间：0.015160s] [吞吐率：65.96req/s] [内存消耗：1,048.13kb] [文件加载：29]
[ info ] [ LANG ] E:\phpStudy\PHPTutorial\WWW\work\meeting1\thinkphp\lang\zh-cn.php
[ info ] [ ROUTE ] array (
  'type' => 'module',
  'module' => 
  array (
    0 => 'index',
    1 => 'singlepassword',
    2 => 'index',
  ),
)
[ info ] [ HEADER ] array (
  'accept-language' => 'zh-CN,zh;q=0.9',
  'accept-encoding' => 'gzip, deflate',
  'accept' => 'text/html,application/xhtml+xml,application/xml;q=0.9,image/webp,image/apng,*/*;q=0.8,application/signed-exchange;v=b3',
  'user-agent' => 'Mozilla/5.0 (Windows NT 10.0; Win64; x64) AppleWebKit/537.36 (KHTML, like Gecko) Chrome/78.0.3904.97 Safari/537.36',
  'upgrade-insecure-requests' => '1',
  'cache-control' => 'max-age=0',
  'connection' => 'close',
  'host' => 'meeting.com',
)
[ info ] [ PARAM ] array (
)
[ info ] [ LOG ] INIT File
---------------------------------------------------------------
[ 2020-01-02T18:04:23+08:00 ] 127.0.0.1 GET meeting.com/index.php/index/singlepassword/index
[运行时间：0.015466s] [吞吐率：64.66req/s] [内存消耗：1,048.13kb] [文件加载：29]
[ info ] [ LANG ] E:\phpStudy\PHPTutorial\WWW\work\meeting1\thinkphp\lang\zh-cn.php
[ info ] [ ROUTE ] array (
  'type' => 'module',
  'module' => 
  array (
    0 => 'index',
    1 => 'singlepassword',
    2 => 'index',
  ),
)
[ info ] [ HEADER ] array (
  'accept-language' => 'zh-CN,zh;q=0.9',
  'accept-encoding' => 'gzip, deflate',
  'accept' => 'text/html,application/xhtml+xml,application/xml;q=0.9,image/webp,image/apng,*/*;q=0.8,application/signed-exchange;v=b3',
  'user-agent' => 'Mozilla/5.0 (Windows NT 10.0; Win64; x64) AppleWebKit/537.36 (KHTML, like Gecko) Chrome/78.0.3904.97 Safari/537.36',
  'upgrade-insecure-requests' => '1',
  'cache-control' => 'max-age=0',
  'connection' => 'close',
  'host' => 'meeting.com',
)
[ info ] [ PARAM ] array (
)
[ info ] [ LOG ] INIT File
---------------------------------------------------------------
[ 2020-01-02T18:04:24+08:00 ] 127.0.0.1 GET meeting.com/index.php/index/singlepassword/index
[运行时间：0.019829s] [吞吐率：50.43req/s] [内存消耗：1,265.13kb] [文件加载：33]
[ info ] [ LANG ] E:\phpStudy\PHPTutorial\WWW\work\meeting1\thinkphp\lang\zh-cn.php
[ info ] [ ROUTE ] array (
  'type' => 'module',
  'module' => 
  array (
    0 => 'index',
    1 => 'singlepassword',
    2 => 'index',
  ),
)
[ info ] [ HEADER ] array (
  'accept-language' => 'zh-CN,zh;q=0.9',
  'accept-encoding' => 'gzip, deflate',
  'accept' => 'text/html,application/xhtml+xml,application/xml;q=0.9,image/webp,image/apng,*/*;q=0.8,application/signed-exchange;v=b3',
  'user-agent' => 'Mozilla/5.0 (Windows NT 10.0; Win64; x64) AppleWebKit/537.36 (KHTML, like Gecko) Chrome/78.0.3904.97 Safari/537.36',
  'upgrade-insecure-requests' => '1',
  'cache-control' => 'max-age=0',
  'connection' => 'close',
  'host' => 'meeting.com',
)
[ info ] [ PARAM ] array (
)
[ info ] [ RUN ] app\index\controller\SinglePassword->index[ E:\phpStudy\PHPTutorial\WWW\work\meeting1\application\index\controller\Singlepassword.php ]
[ info ] [ VIEW ] E:\phpStudy\PHPTutorial\WWW\work\meeting1\public/../application/index\view\singlepassword\index.html [ array (
  0 => 'mCRC32',
) ]
[ info ] [ LOG ] INIT File
---------------------------------------------------------------
[ 2020-01-02T18:04:24+08:00 ] 127.0.0.1 GET meeting.com/index.php/index/singlepassword/index
[运行时间：0.018400s] [吞吐率：54.35req/s] [内存消耗：1,265.13kb] [文件加载：33]
[ info ] [ LANG ] E:\phpStudy\PHPTutorial\WWW\work\meeting1\thinkphp\lang\zh-cn.php
[ info ] [ ROUTE ] array (
  'type' => 'module',
  'module' => 
  array (
    0 => 'index',
    1 => 'singlepassword',
    2 => 'index',
  ),
)
[ info ] [ HEADER ] array (
  'accept-language' => 'zh-CN,zh;q=0.9',
  'accept-encoding' => 'gzip, deflate',
  'accept' => 'text/html,application/xhtml+xml,application/xml;q=0.9,image/webp,image/apng,*/*;q=0.8,application/signed-exchange;v=b3',
  'user-agent' => 'Mozilla/5.0 (Windows NT 10.0; Win64; x64) AppleWebKit/537.36 (KHTML, like Gecko) Chrome/78.0.3904.97 Safari/537.36',
  'upgrade-insecure-requests' => '1',
  'cache-control' => 'max-age=0',
  'connection' => 'close',
  'host' => 'meeting.com',
)
[ info ] [ PARAM ] array (
)
[ info ] [ RUN ] app\index\controller\SinglePassword->index[ E:\phpStudy\PHPTutorial\WWW\work\meeting1\application\index\controller\Singlepassword.php ]
[ info ] [ VIEW ] E:\phpStudy\PHPTutorial\WWW\work\meeting1\public/../application/index\view\singlepassword\index.html [ array (
  0 => 'mCRC32',
) ]
[ info ] [ LOG ] INIT File
---------------------------------------------------------------
[ 2020-01-02T18:04:24+08:00 ] 127.0.0.1 GET meeting.com/index.php/index/singlepassword/index
[运行时间：0.018361s] [吞吐率：54.46req/s] [内存消耗：1,265.13kb] [文件加载：33]
[ info ] [ LANG ] E:\phpStudy\PHPTutorial\WWW\work\meeting1\thinkphp\lang\zh-cn.php
[ info ] [ ROUTE ] array (
  'type' => 'module',
  'module' => 
  array (
    0 => 'index',
    1 => 'singlepassword',
    2 => 'index',
  ),
)
[ info ] [ HEADER ] array (
  'accept-language' => 'zh-CN,zh;q=0.9',
  'accept-encoding' => 'gzip, deflate',
  'accept' => 'text/html,application/xhtml+xml,application/xml;q=0.9,image/webp,image/apng,*/*;q=0.8,application/signed-exchange;v=b3',
  'user-agent' => 'Mozilla/5.0 (Windows NT 10.0; Win64; x64) AppleWebKit/537.36 (KHTML, like Gecko) Chrome/78.0.3904.97 Safari/537.36',
  'upgrade-insecure-requests' => '1',
  'cache-control' => 'max-age=0',
  'connection' => 'close',
  'host' => 'meeting.com',
)
[ info ] [ PARAM ] array (
)
[ info ] [ RUN ] app\index\controller\SinglePassword->index[ E:\phpStudy\PHPTutorial\WWW\work\meeting1\application\index\controller\Singlepassword.php ]
[ info ] [ VIEW ] E:\phpStudy\PHPTutorial\WWW\work\meeting1\public/../application/index\view\singlepassword\index.html [ array (
  0 => 'mCRC32',
) ]
[ info ] [ LOG ] INIT File
---------------------------------------------------------------
[ 2020-01-02T18:04:24+08:00 ] 127.0.0.1 GET meeting.com/index.php/index/singlepassword/index
[运行时间：0.018021s] [吞吐率：55.49req/s] [内存消耗：1,265.13kb] [文件加载：33]
[ info ] [ LANG ] E:\phpStudy\PHPTutorial\WWW\work\meeting1\thinkphp\lang\zh-cn.php
[ info ] [ ROUTE ] array (
  'type' => 'module',
  'module' => 
  array (
    0 => 'index',
    1 => 'singlepassword',
    2 => 'index',
  ),
)
[ info ] [ HEADER ] array (
  'accept-language' => 'zh-CN,zh;q=0.9',
  'accept-encoding' => 'gzip, deflate',
  'accept' => 'text/html,application/xhtml+xml,application/xml;q=0.9,image/webp,image/apng,*/*;q=0.8,application/signed-exchange;v=b3',
  'user-agent' => 'Mozilla/5.0 (Windows NT 10.0; Win64; x64) AppleWebKit/537.36 (KHTML, like Gecko) Chrome/78.0.3904.97 Safari/537.36',
  'upgrade-insecure-requests' => '1',
  'cache-control' => 'max-age=0',
  'connection' => 'close',
  'host' => 'meeting.com',
)
[ info ] [ PARAM ] array (
)
[ info ] [ RUN ] app\index\controller\SinglePassword->index[ E:\phpStudy\PHPTutorial\WWW\work\meeting1\application\index\controller\Singlepassword.php ]
[ info ] [ VIEW ] E:\phpStudy\PHPTutorial\WWW\work\meeting1\public/../application/index\view\singlepassword\index.html [ array (
  0 => 'mCRC32',
) ]
[ info ] [ LOG ] INIT File
---------------------------------------------------------------
[ 2020-01-02T18:07:23+08:00 ] 127.0.0.1 GET meeting.com/index.php/index/singlepassword/index
[运行时间：0.020262s] [吞吐率：49.35req/s] [内存消耗：1,265.13kb] [文件加载：33]
[ info ] [ LANG ] E:\phpStudy\PHPTutorial\WWW\work\meeting1\thinkphp\lang\zh-cn.php
[ info ] [ ROUTE ] array (
  'type' => 'module',
  'module' => 
  array (
    0 => 'index',
    1 => 'singlepassword',
    2 => 'index',
  ),
)
[ info ] [ HEADER ] array (
  'accept-language' => 'zh-CN,zh;q=0.9',
  'accept-encoding' => 'gzip, deflate',
  'accept' => 'text/html,application/xhtml+xml,application/xml;q=0.9,image/webp,image/apng,*/*;q=0.8,application/signed-exchange;v=b3',
  'user-agent' => 'Mozilla/5.0 (Windows NT 10.0; Win64; x64) AppleWebKit/537.36 (KHTML, like Gecko) Chrome/78.0.3904.97 Safari/537.36',
  'upgrade-insecure-requests' => '1',
  'cache-control' => 'max-age=0',
  'connection' => 'close',
  'host' => 'meeting.com',
)
[ info ] [ PARAM ] array (
)
[ info ] [ RUN ] app\index\controller\Singlepassword->index[ E:\phpStudy\PHPTutorial\WWW\work\meeting1\application\index\controller\Singlepassword.php ]
[ info ] [ VIEW ] E:\phpStudy\PHPTutorial\WWW\work\meeting1\public/../application/index\view\singlepassword\index.html [ array (
  0 => 'mCRC32',
) ]
[ info ] [ LOG ] INIT File
---------------------------------------------------------------
[ 2020-01-02T18:07:24+08:00 ] 127.0.0.1 GET meeting.com/index.php/index/singlepassword/index
[运行时间：0.017892s] [吞吐率：55.89req/s] [内存消耗：1,265.13kb] [文件加载：33]
[ info ] [ LANG ] E:\phpStudy\PHPTutorial\WWW\work\meeting1\thinkphp\lang\zh-cn.php
[ info ] [ ROUTE ] array (
  'type' => 'module',
  'module' => 
  array (
    0 => 'index',
    1 => 'singlepassword',
    2 => 'index',
  ),
)
[ info ] [ HEADER ] array (
  'accept-language' => 'zh-CN,zh;q=0.9',
  'accept-encoding' => 'gzip, deflate',
  'accept' => 'text/html,application/xhtml+xml,application/xml;q=0.9,image/webp,image/apng,*/*;q=0.8,application/signed-exchange;v=b3',
  'user-agent' => 'Mozilla/5.0 (Windows NT 10.0; Win64; x64) AppleWebKit/537.36 (KHTML, like Gecko) Chrome/78.0.3904.97 Safari/537.36',
  'upgrade-insecure-requests' => '1',
  'cache-control' => 'max-age=0',
  'connection' => 'close',
  'host' => 'meeting.com',
)
[ info ] [ PARAM ] array (
)
[ info ] [ RUN ] app\index\controller\Singlepassword->index[ E:\phpStudy\PHPTutorial\WWW\work\meeting1\application\index\controller\Singlepassword.php ]
[ info ] [ VIEW ] E:\phpStudy\PHPTutorial\WWW\work\meeting1\public/../application/index\view\singlepassword\index.html [ array (
  0 => 'mCRC32',
) ]
[ info ] [ LOG ] INIT File
---------------------------------------------------------------
[ 2020-01-02T18:07:24+08:00 ] 127.0.0.1 GET meeting.com/index.php/index/singlepassword/index
[运行时间：0.017880s] [吞吐率：55.93req/s] [内存消耗：1,265.13kb] [文件加载：33]
[ info ] [ LANG ] E:\phpStudy\PHPTutorial\WWW\work\meeting1\thinkphp\lang\zh-cn.php
[ info ] [ ROUTE ] array (
  'type' => 'module',
  'module' => 
  array (
    0 => 'index',
    1 => 'singlepassword',
    2 => 'index',
  ),
)
[ info ] [ HEADER ] array (
  'accept-language' => 'zh-CN,zh;q=0.9',
  'accept-encoding' => 'gzip, deflate',
  'accept' => 'text/html,application/xhtml+xml,application/xml;q=0.9,image/webp,image/apng,*/*;q=0.8,application/signed-exchange;v=b3',
  'user-agent' => 'Mozilla/5.0 (Windows NT 10.0; Win64; x64) AppleWebKit/537.36 (KHTML, like Gecko) Chrome/78.0.3904.97 Safari/537.36',
  'upgrade-insecure-requests' => '1',
  'cache-control' => 'max-age=0',
  'connection' => 'close',
  'host' => 'meeting.com',
)
[ info ] [ PARAM ] array (
)
[ info ] [ RUN ] app\index\controller\Singlepassword->index[ E:\phpStudy\PHPTutorial\WWW\work\meeting1\application\index\controller\Singlepassword.php ]
[ info ] [ VIEW ] E:\phpStudy\PHPTutorial\WWW\work\meeting1\public/../application/index\view\singlepassword\index.html [ array (
  0 => 'mCRC32',
) ]
[ info ] [ LOG ] INIT File
---------------------------------------------------------------
[ 2020-01-02T18:07:24+08:00 ] 127.0.0.1 GET meeting.com/index.php/index/singlepassword/index
[运行时间：0.018034s] [吞吐率：55.45req/s] [内存消耗：1,265.13kb] [文件加载：33]
[ info ] [ LANG ] E:\phpStudy\PHPTutorial\WWW\work\meeting1\thinkphp\lang\zh-cn.php
[ info ] [ ROUTE ] array (
  'type' => 'module',
  'module' => 
  array (
    0 => 'index',
    1 => 'singlepassword',
    2 => 'index',
  ),
)
[ info ] [ HEADER ] array (
  'accept-language' => 'zh-CN,zh;q=0.9',
  'accept-encoding' => 'gzip, deflate',
  'accept' => 'text/html,application/xhtml+xml,application/xml;q=0.9,image/webp,image/apng,*/*;q=0.8,application/signed-exchange;v=b3',
  'user-agent' => 'Mozilla/5.0 (Windows NT 10.0; Win64; x64) AppleWebKit/537.36 (KHTML, like Gecko) Chrome/78.0.3904.97 Safari/537.36',
  'upgrade-insecure-requests' => '1',
  'cache-control' => 'max-age=0',
  'connection' => 'close',
  'host' => 'meeting.com',
)
[ info ] [ PARAM ] array (
)
[ info ] [ RUN ] app\index\controller\Singlepassword->index[ E:\phpStudy\PHPTutorial\WWW\work\meeting1\application\index\controller\Singlepassword.php ]
[ info ] [ VIEW ] E:\phpStudy\PHPTutorial\WWW\work\meeting1\public/../application/index\view\singlepassword\index.html [ array (
  0 => 'mCRC32',
) ]
[ info ] [ LOG ] INIT File
---------------------------------------------------------------
[ 2020-01-02T18:07:25+08:00 ] 127.0.0.1 GET meeting.com/index.php/index/singlepassword/index
[运行时间：0.018120s] [吞吐率：55.19req/s] [内存消耗：1,265.13kb] [文件加载：33]
[ info ] [ LANG ] E:\phpStudy\PHPTutorial\WWW\work\meeting1\thinkphp\lang\zh-cn.php
[ info ] [ ROUTE ] array (
  'type' => 'module',
  'module' => 
  array (
    0 => 'index',
    1 => 'singlepassword',
    2 => 'index',
  ),
)
[ info ] [ HEADER ] array (
  'accept-language' => 'zh-CN,zh;q=0.9',
  'accept-encoding' => 'gzip, deflate',
  'accept' => 'text/html,application/xhtml+xml,application/xml;q=0.9,image/webp,image/apng,*/*;q=0.8,application/signed-exchange;v=b3',
  'user-agent' => 'Mozilla/5.0 (Windows NT 10.0; Win64; x64) AppleWebKit/537.36 (KHTML, like Gecko) Chrome/78.0.3904.97 Safari/537.36',
  'upgrade-insecure-requests' => '1',
  'cache-control' => 'max-age=0',
  'connection' => 'close',
  'host' => 'meeting.com',
)
[ info ] [ PARAM ] array (
)
[ info ] [ RUN ] app\index\controller\Singlepassword->index[ E:\phpStudy\PHPTutorial\WWW\work\meeting1\application\index\controller\Singlepassword.php ]
[ info ] [ VIEW ] E:\phpStudy\PHPTutorial\WWW\work\meeting1\public/../application/index\view\singlepassword\index.html [ array (
  0 => 'mCRC32',
) ]
[ info ] [ LOG ] INIT File
---------------------------------------------------------------
[ 2020-01-02T18:07:25+08:00 ] 127.0.0.1 GET meeting.com/index.php/index/singlepassword/index
[运行时间：0.017704s] [吞吐率：56.48req/s] [内存消耗：1,265.13kb] [文件加载：33]
[ info ] [ LANG ] E:\phpStudy\PHPTutorial\WWW\work\meeting1\thinkphp\lang\zh-cn.php
[ info ] [ ROUTE ] array (
  'type' => 'module',
  'module' => 
  array (
    0 => 'index',
    1 => 'singlepassword',
    2 => 'index',
  ),
)
[ info ] [ HEADER ] array (
  'accept-language' => 'zh-CN,zh;q=0.9',
  'accept-encoding' => 'gzip, deflate',
  'accept' => 'text/html,application/xhtml+xml,application/xml;q=0.9,image/webp,image/apng,*/*;q=0.8,application/signed-exchange;v=b3',
  'user-agent' => 'Mozilla/5.0 (Windows NT 10.0; Win64; x64) AppleWebKit/537.36 (KHTML, like Gecko) Chrome/78.0.3904.97 Safari/537.36',
  'upgrade-insecure-requests' => '1',
  'cache-control' => 'max-age=0',
  'connection' => 'close',
  'host' => 'meeting.com',
)
[ info ] [ PARAM ] array (
)
[ info ] [ RUN ] app\index\controller\Singlepassword->index[ E:\phpStudy\PHPTutorial\WWW\work\meeting1\application\index\controller\Singlepassword.php ]
[ info ] [ VIEW ] E:\phpStudy\PHPTutorial\WWW\work\meeting1\public/../application/index\view\singlepassword\index.html [ array (
  0 => 'mCRC32',
) ]
[ info ] [ LOG ] INIT File
