---------------------------------------------------------------
[ 2020-01-03T09:55:09+08:00 ] 127.0.0.1 GET meeting.com/index.php/visit
[运行时间：0.035825s] [吞吐率：27.91req/s] [内存消耗：1,262.08kb] [文件加载：33]
[ info ] [ LANG ] E:\phpStudy\PHPTutorial\WWW\work\meeting1\thinkphp\lang\zh-cn.php
[ info ] [ ROUTE ] array (
  'type' => 'module',
  'module' => 
  array (
    0 => 'index',
    1 => 'Visitpeople',
    2 => 'index',
  ),
  'convert' => false,
)
[ info ] [ HEADER ] array (
  'cache-control' => 'no-cache',
  'pragma' => 'no-cache',
  'upgrade-insecure-requests' => '1',
  'connection' => 'close',
  'dnt' => '1',
  'accept-encoding' => 'gzip, deflate',
  'accept-language' => 'zh-CN,zh;q=0.8,zh-TW;q=0.7,zh-HK;q=0.5,en-US;q=0.3,en;q=0.2',
  'accept' => 'text/html,application/xhtml+xml,application/xml;q=0.9,*/*;q=0.8',
  'user-agent' => 'Mozilla/5.0 (Windows NT 10.0; Win64; x64; rv:71.0) Gecko/20100101 Firefox/71.0',
  'host' => 'meeting.com',
)
[ info ] [ PARAM ] array (
)
[ info ] [ RUN ] app\index\controller\Visitpeople->index[ E:\phpStudy\PHPTutorial\WWW\work\meeting1\application\index\controller\Visitpeople.php ]
[ info ] [ VIEW ] E:\phpStudy\PHPTutorial\WWW\work\meeting1\public/../application/index\view\visitpeople\index.html [ array (
) ]
[ info ] [ LOG ] INIT File
