---------------------------------------------------------------
[ 2019-09-10T15:55:42+08:00 ] 127.0.0.1 GET week.com/index.php/index/calend/index
[运行时间：0.048215s] [吞吐率：20.74req/s] [内存消耗：878.04kb] [文件加载：30]
[ info ] [ LANG ] E:\phpStudy\PHPTutorial\WWW\work\week\thinkphp\lang\zh-cn.php
[ info ] [ ROUTE ] array (
  'type' => 'module',
  'module' => 
  array (
    0 => 'index',
    1 => 'calend',
    2 => 'index',
  ),
)
[ info ] [ HEADER ] array (
  'cookie' => 'pgv_pvi=2105357312; pgv_si=s5193807872',
  'accept-language' => 'zh-CN,zh;q=0.9',
  'accept-encoding' => 'gzip, deflate',
  'accept' => 'text/html,application/xhtml+xml,application/xml;q=0.9,image/webp,image/apng,*/*;q=0.8,application/signed-exchange;v=b3',
  'user-agent' => 'Mozilla/5.0 (Windows NT 10.0; Win64; x64) AppleWebKit/537.36 (KHTML, like Gecko) Chrome/76.0.3809.36 Safari/537.36',
  'upgrade-insecure-requests' => '1',
  'connection' => 'close',
  'host' => 'week.com',
)
[ info ] [ PARAM ] array (
)
[ info ] [ LOG ] INIT File
[ error ] [1]Class 'think\controller' not found[E:\phpStudy\PHPTutorial\WWW\work\week\application\index\controller\Calend.php:8]
---------------------------------------------------------------
[ 2019-09-10T15:56:06+08:00 ] 127.0.0.1 GET week.com/index.php/index/calend/index
[运行时间：0.027424s] [吞吐率：36.46req/s] [内存消耗：1,663.37kb] [文件加载：37]
[ info ] [ LANG ] E:\phpStudy\PHPTutorial\WWW\work\week\thinkphp\lang\zh-cn.php
[ info ] [ ROUTE ] array (
  'type' => 'module',
  'module' => 
  array (
    0 => 'index',
    1 => 'calend',
    2 => 'index',
  ),
)
[ info ] [ HEADER ] array (
  'cookie' => 'pgv_pvi=2105357312; pgv_si=s5193807872',
  'accept-language' => 'zh-CN,zh;q=0.9',
  'accept-encoding' => 'gzip, deflate',
  'accept' => 'text/html,application/xhtml+xml,application/xml;q=0.9,image/webp,image/apng,*/*;q=0.8,application/signed-exchange;v=b3',
  'user-agent' => 'Mozilla/5.0 (Windows NT 10.0; Win64; x64) AppleWebKit/537.36 (KHTML, like Gecko) Chrome/76.0.3809.36 Safari/537.36',
  'upgrade-insecure-requests' => '1',
  'cache-control' => 'max-age=0',
  'connection' => 'close',
  'host' => 'week.com',
)
[ info ] [ PARAM ] array (
)
[ info ] [ RUN ] app\index\controller\Calend->index[ E:\phpStudy\PHPTutorial\WWW\work\week\application\index\controller\Calend.php ]
[ info ] [ DB ] INIT mysql
[ info ] [ LOG ] INIT File
---------------------------------------------------------------
[ 2019-09-10T15:56:48+08:00 ] 127.0.0.1 GET week.com/index.php/index/calend/index
[运行时间：0.038872s] [吞吐率：25.73req/s] [内存消耗：1,664.80kb] [文件加载：37]
[ info ] [ LANG ] E:\phpStudy\PHPTutorial\WWW\work\week\thinkphp\lang\zh-cn.php
[ info ] [ ROUTE ] array (
  'type' => 'module',
  'module' => 
  array (
    0 => 'index',
    1 => 'calend',
    2 => 'index',
  ),
)
[ info ] [ HEADER ] array (
  'cookie' => 'pgv_pvi=2105357312; pgv_si=s5193807872',
  'accept-language' => 'zh-CN,zh;q=0.9',
  'accept-encoding' => 'gzip, deflate',
  'accept' => 'text/html,application/xhtml+xml,application/xml;q=0.9,image/webp,image/apng,*/*;q=0.8,application/signed-exchange;v=b3',
  'user-agent' => 'Mozilla/5.0 (Windows NT 10.0; Win64; x64) AppleWebKit/537.36 (KHTML, like Gecko) Chrome/76.0.3809.36 Safari/537.36',
  'upgrade-insecure-requests' => '1',
  'cache-control' => 'max-age=0',
  'connection' => 'close',
  'host' => 'week.com',
)
[ info ] [ PARAM ] array (
)
[ info ] [ RUN ] app\index\controller\Calend->index[ E:\phpStudy\PHPTutorial\WWW\work\week\application\index\controller\Calend.php ]
[ info ] [ DB ] INIT mysql
[ info ] [ LOG ] INIT File
---------------------------------------------------------------
[ 2019-09-10T17:31:06+08:00 ] 127.0.0.1 GET week.com/index.php/index/calend/index
[运行时间：0.037674s] [吞吐率：26.54req/s] [内存消耗：982.80kb] [文件加载：30]
[ info ] [ LANG ] E:\phpStudy\PHPTutorial\WWW\work\week\thinkphp\lang\zh-cn.php
[ info ] [ ROUTE ] array (
  'type' => 'module',
  'module' => 
  array (
    0 => 'index',
    1 => 'calend',
    2 => 'index',
  ),
)
[ info ] [ HEADER ] array (
  'cookie' => 'pgv_pvi=2105357312',
  'accept-language' => 'zh-CN,zh;q=0.9',
  'accept-encoding' => 'gzip, deflate',
  'accept' => 'text/html,application/xhtml+xml,application/xml;q=0.9,image/webp,image/apng,*/*;q=0.8,application/signed-exchange;v=b3',
  'user-agent' => 'Mozilla/5.0 (Windows NT 10.0; Win64; x64) AppleWebKit/537.36 (KHTML, like Gecko) Chrome/76.0.3809.36 Safari/537.36',
  'upgrade-insecure-requests' => '1',
  'connection' => 'close',
  'host' => 'week.com',
)
[ info ] [ PARAM ] array (
)
[ info ] [ RUN ] app\index\controller\Calend->index[ E:\phpStudy\PHPTutorial\WWW\work\week\application\index\controller\Calend.php ]
[ info ] [ LOG ] INIT File
---------------------------------------------------------------
[ 2019-09-10T18:23:44+08:00 ] 127.0.0.1 GET week.com/index.php/index/calend/index
[运行时间：0.020315s] [吞吐率：49.22req/s] [内存消耗：1,641.98kb] [文件加载：36]
[ info ] [ LANG ] E:\phpStudy\PHPTutorial\WWW\work\week\thinkphp\lang\zh-cn.php
[ info ] [ ROUTE ] array (
  'type' => 'module',
  'module' => 
  array (
    0 => 'index',
    1 => 'calend',
    2 => 'index',
  ),
)
[ info ] [ HEADER ] array (
  'cookie' => 'pgv_pvi=2105357312',
  'accept-language' => 'zh-CN,zh;q=0.9',
  'accept-encoding' => 'gzip, deflate',
  'accept' => 'text/html,application/xhtml+xml,application/xml;q=0.9,image/webp,image/apng,*/*;q=0.8,application/signed-exchange;v=b3',
  'user-agent' => 'Mozilla/5.0 (Windows NT 10.0; Win64; x64) AppleWebKit/537.36 (KHTML, like Gecko) Chrome/76.0.3809.36 Safari/537.36',
  'upgrade-insecure-requests' => '1',
  'cache-control' => 'max-age=0',
  'connection' => 'close',
  'host' => 'week.com',
)
[ info ] [ PARAM ] array (
)
[ info ] [ RUN ] app\index\controller\Calend->index[ E:\phpStudy\PHPTutorial\WWW\work\week\application\index\controller\Calend.php ]
[ info ] [ DB ] INIT mysql
[ info ] [ LOG ] INIT File
