---------------------------------------------------------------
[ 2019-12-08T17:13:46+08:00 ] 127.0.0.1 GET meeting.com/index.php/index/visitor/
[运行时间：0.062859s] [吞吐率：15.91req/s] [内存消耗：1,181.68kb] [文件加载：37]
[ info ] [ LANG ] E:\phpStudy\PHPTutorial\WWW\work\meeting1\thinkphp\lang\zh-cn.php
[ info ] [ ROUTE ] array (
  'type' => 'module',
  'module' => 
  array (
    0 => 'index',
    1 => 'visitor',
    2 => NULL,
  ),
)
[ info ] [ HEADER ] array (
  'accept-language' => 'zh-CN,zh;q=0.9',
  'accept-encoding' => 'gzip, deflate',
  'accept' => 'text/html,application/xhtml+xml,application/xml;q=0.9,image/webp,image/apng,*/*;q=0.8,application/signed-exchange;v=b3',
  'user-agent' => 'Mozilla/5.0 (Windows NT 10.0; Win64; x64) AppleWebKit/537.36 (KHTML, like Gecko) Chrome/78.0.3904.97 Safari/537.36',
  'upgrade-insecure-requests' => '1',
  'connection' => 'close',
  'host' => 'meeting.com',
)
[ info ] [ PARAM ] array (
)
[ info ] [ VIEW ] E:\phpStudy\PHPTutorial\WWW\work\meeting1\thinkphp\tpl\dispatch_jump.tpl [ array (
  0 => 'code',
  1 => 'msg',
  2 => 'data',
  3 => 'url',
  4 => 'wait',
) ]
[ info ] [ LOG ] INIT File
---------------------------------------------------------------
[ 2019-12-08T17:13:48+08:00 ] 127.0.0.1 GET meeting.com/index.php/index/login/index.html
[运行时间：0.018774s] [吞吐率：53.27req/s] [内存消耗：1,097.83kb] [文件加载：33]
[ info ] [ LANG ] E:\phpStudy\PHPTutorial\WWW\work\meeting1\thinkphp\lang\zh-cn.php
[ info ] [ ROUTE ] array (
  'type' => 'module',
  'module' => 
  array (
    0 => 'index',
    1 => 'login',
    2 => 'index',
  ),
)
[ info ] [ HEADER ] array (
  'accept-language' => 'zh-CN,zh;q=0.9',
  'accept-encoding' => 'gzip, deflate',
  'referer' => 'http://meeting.com/index.php/index/visitor/',
  'accept' => 'text/html,application/xhtml+xml,application/xml;q=0.9,image/webp,image/apng,*/*;q=0.8,application/signed-exchange;v=b3',
  'user-agent' => 'Mozilla/5.0 (Windows NT 10.0; Win64; x64) AppleWebKit/537.36 (KHTML, like Gecko) Chrome/78.0.3904.97 Safari/537.36',
  'upgrade-insecure-requests' => '1',
  'connection' => 'close',
  'host' => 'meeting.com',
)
[ info ] [ PARAM ] array (
)
[ info ] [ RUN ] app\index\controller\Login->index[ E:\phpStudy\PHPTutorial\WWW\work\meeting1\application\index\controller\Login.php ]
[ info ] [ VIEW ] E:\phpStudy\PHPTutorial\WWW\work\meeting1\public/../application/index\view\login\index.html [ array (
) ]
[ info ] [ LOG ] INIT File
---------------------------------------------------------------
[ 2019-12-08T17:13:54+08:00 ] 127.0.0.1 GET meeting.com/index.php/visit
[运行时间：0.022080s] [吞吐率：45.29req/s] [内存消耗：1,109.16kb] [文件加载：33]
[ info ] [ LANG ] E:\phpStudy\PHPTutorial\WWW\work\meeting1\thinkphp\lang\zh-cn.php
[ info ] [ ROUTE ] array (
  'type' => 'module',
  'module' => 
  array (
    0 => 'index',
    1 => 'Visitpeople',
    2 => 'index',
  ),
  'convert' => false,
)
[ info ] [ HEADER ] array (
  'accept-language' => 'zh-CN,zh;q=0.9',
  'accept-encoding' => 'gzip, deflate',
  'purpose' => 'prefetch',
  'accept' => 'text/html,application/xhtml+xml,application/xml;q=0.9,image/webp,image/apng,*/*;q=0.8,application/signed-exchange;v=b3',
  'user-agent' => 'Mozilla/5.0 (Windows NT 10.0; Win64; x64) AppleWebKit/537.36 (KHTML, like Gecko) Chrome/78.0.3904.97 Safari/537.36',
  'upgrade-insecure-requests' => '1',
  'connection' => 'close',
  'host' => 'meeting.com',
)
[ info ] [ PARAM ] array (
)
[ info ] [ RUN ] app\index\controller\Visitpeople->index[ E:\phpStudy\PHPTutorial\WWW\work\meeting1\application\index\controller\Visitpeople.php ]
[ info ] [ VIEW ] E:\phpStudy\PHPTutorial\WWW\work\meeting1\public/../application/index\view\visitpeople\index.html [ array (
) ]
[ info ] [ LOG ] INIT File
---------------------------------------------------------------
[ 2019-12-08T17:14:06+08:00 ] 127.0.0.1 POST meeting.com/index.php/visit
[运行时间：0.085910s] [吞吐率：11.64req/s] [内存消耗：1,726.13kb] [文件加载：37]
[ info ] [ LANG ] E:\phpStudy\PHPTutorial\WWW\work\meeting1\thinkphp\lang\zh-cn.php
[ info ] [ ROUTE ] array (
  'type' => 'module',
  'module' => 
  array (
    0 => 'index',
    1 => 'Visitpeople',
    2 => 'index',
  ),
  'convert' => false,
)
[ info ] [ HEADER ] array (
  'accept-language' => 'zh-CN,zh;q=0.9',
  'accept-encoding' => 'gzip, deflate',
  'referer' => 'http://meeting.com/index.php/visit',
  'accept' => 'text/html,application/xhtml+xml,application/xml;q=0.9,image/webp,image/apng,*/*;q=0.8,application/signed-exchange;v=b3',
  'user-agent' => 'Mozilla/5.0 (Windows NT 10.0; Win64; x64) AppleWebKit/537.36 (KHTML, like Gecko) Chrome/78.0.3904.97 Safari/537.36',
  'content-type' => 'application/x-www-form-urlencoded',
  'upgrade-insecure-requests' => '1',
  'origin' => 'http://meeting.com',
  'cache-control' => 'max-age=0',
  'content-length' => '57',
  'connection' => 'close',
  'host' => 'meeting.com',
)
[ info ] [ PARAM ] array (
  'name' => '王 建伟',
  'carNumber' => '',
  'visitNumber' => '',
)
[ info ] [ RUN ] app\index\controller\Visitpeople->index[ E:\phpStudy\PHPTutorial\WWW\work\meeting1\application\index\controller\Visitpeople.php ]
[ info ] [ DB ] INIT mysql
[ info ] [ LOG ] INIT File
[ sql ] [ DB ] CONNECT:[ UseTime:0.020453s ] mysql:host=127.0.0.1;port=3306;dbname=work;charset=utf8
[ sql ] [ SQL ] update t_oa_visitor set flag = 2 WHERE UNIX_TIMESTAMP(leave_date)<1573142400 and flag!=2 and trim(person_name)='王 建伟'; [ RunTime:0.002163s ]
[ sql ] [ SQL ] update t_oa_visitor set flag = 1 WHERE UNIX_TIMESTAMP(leave_date)>=1573142400 and flag!=1 and trim(person_name)='王 建伟'; [ RunTime:0.025849s ]
[ sql ] [ SQL ] select come_date,leave_date from t_oa_visitor where trim(person_name)='王 建伟' and flag=1 order by leave_date desc; [ RunTime:0.000761s ]
---------------------------------------------------------------
[ 2019-12-08T17:14:29+08:00 ] 127.0.0.1 GET meeting.com/index.php/visit
[运行时间：0.022567s] [吞吐率：44.31req/s] [内存消耗：1,108.80kb] [文件加载：33]
[ info ] [ LANG ] E:\phpStudy\PHPTutorial\WWW\work\meeting1\thinkphp\lang\zh-cn.php
[ info ] [ ROUTE ] array (
  'type' => 'module',
  'module' => 
  array (
    0 => 'index',
    1 => 'Visitpeople',
    2 => 'index',
  ),
  'convert' => false,
)
[ info ] [ HEADER ] array (
  'accept-language' => 'zh-CN,zh;q=0.9',
  'accept-encoding' => 'gzip, deflate',
  'accept' => 'text/html,application/xhtml+xml,application/xml;q=0.9,image/webp,image/apng,*/*;q=0.8,application/signed-exchange;v=b3',
  'user-agent' => 'Mozilla/5.0 (Windows NT 10.0; Win64; x64) AppleWebKit/537.36 (KHTML, like Gecko) Chrome/78.0.3904.97 Safari/537.36',
  'upgrade-insecure-requests' => '1',
  'connection' => 'close',
  'host' => 'meeting.com',
)
[ info ] [ PARAM ] array (
)
[ info ] [ RUN ] app\index\controller\Visitpeople->index[ E:\phpStudy\PHPTutorial\WWW\work\meeting1\application\index\controller\Visitpeople.php ]
[ info ] [ VIEW ] E:\phpStudy\PHPTutorial\WWW\work\meeting1\public/../application/index\view\visitpeople\index.html [ array (
) ]
[ info ] [ LOG ] INIT File
---------------------------------------------------------------
[ 2019-12-08T17:14:30+08:00 ] 127.0.0.1 GET meeting.com/index.php/visit
[运行时间：0.016369s] [吞吐率：61.09req/s] [内存消耗：1,109.26kb] [文件加载：33]
[ info ] [ LANG ] E:\phpStudy\PHPTutorial\WWW\work\meeting1\thinkphp\lang\zh-cn.php
[ info ] [ ROUTE ] array (
  'type' => 'module',
  'module' => 
  array (
    0 => 'index',
    1 => 'Visitpeople',
    2 => 'index',
  ),
  'convert' => false,
)
[ info ] [ HEADER ] array (
  'accept-language' => 'zh-CN,zh;q=0.9',
  'accept-encoding' => 'gzip, deflate',
  'accept' => 'text/html,application/xhtml+xml,application/xml;q=0.9,image/webp,image/apng,*/*;q=0.8,application/signed-exchange;v=b3',
  'user-agent' => 'Mozilla/5.0 (Windows NT 10.0; Win64; x64) AppleWebKit/537.36 (KHTML, like Gecko) Chrome/78.0.3904.97 Safari/537.36',
  'upgrade-insecure-requests' => '1',
  'cache-control' => 'max-age=0',
  'connection' => 'close',
  'host' => 'meeting.com',
)
[ info ] [ PARAM ] array (
)
[ info ] [ RUN ] app\index\controller\Visitpeople->index[ E:\phpStudy\PHPTutorial\WWW\work\meeting1\application\index\controller\Visitpeople.php ]
[ info ] [ VIEW ] E:\phpStudy\PHPTutorial\WWW\work\meeting1\public/../application/index\view\visitpeople\index.html [ array (
) ]
[ info ] [ LOG ] INIT File
---------------------------------------------------------------
[ 2019-12-08T17:14:35+08:00 ] 127.0.0.1 POST meeting.com/index.php/visit
[运行时间：0.028267s] [吞吐率：35.38req/s] [内存消耗：1,726.09kb] [文件加载：37]
[ info ] [ LANG ] E:\phpStudy\PHPTutorial\WWW\work\meeting1\thinkphp\lang\zh-cn.php
[ info ] [ ROUTE ] array (
  'type' => 'module',
  'module' => 
  array (
    0 => 'index',
    1 => 'Visitpeople',
    2 => 'index',
  ),
  'convert' => false,
)
[ info ] [ HEADER ] array (
  'accept-language' => 'zh-CN,zh;q=0.9',
  'accept-encoding' => 'gzip, deflate',
  'referer' => 'http://meeting.com/index.php/visit',
  'accept' => 'text/html,application/xhtml+xml,application/xml;q=0.9,image/webp,image/apng,*/*;q=0.8,application/signed-exchange;v=b3',
  'user-agent' => 'Mozilla/5.0 (Windows NT 10.0; Win64; x64) AppleWebKit/537.36 (KHTML, like Gecko) Chrome/78.0.3904.97 Safari/537.36',
  'content-type' => 'application/x-www-form-urlencoded',
  'upgrade-insecure-requests' => '1',
  'origin' => 'http://meeting.com',
  'cache-control' => 'max-age=0',
  'content-length' => '57',
  'connection' => 'close',
  'host' => 'meeting.com',
)
[ info ] [ PARAM ] array (
  'name' => '王 建伟',
  'carNumber' => '',
  'visitNumber' => '',
)
[ info ] [ RUN ] app\index\controller\Visitpeople->index[ E:\phpStudy\PHPTutorial\WWW\work\meeting1\application\index\controller\Visitpeople.php ]
[ info ] [ DB ] INIT mysql
[ info ] [ LOG ] INIT File
[ sql ] [ DB ] CONNECT:[ UseTime:0.002064s ] mysql:host=127.0.0.1;port=3306;dbname=work;charset=utf8
[ sql ] [ SQL ] update t_oa_visitor set flag = 2 WHERE UNIX_TIMESTAMP(leave_date)<1573142400 and flag!=2 and trim(person_name)='王 建伟'; [ RunTime:0.001302s ]
[ sql ] [ SQL ] update t_oa_visitor set flag = 1 WHERE UNIX_TIMESTAMP(leave_date)>=1573142400 and flag!=1 and trim(person_name)='王 建伟'; [ RunTime:0.000352s ]
[ sql ] [ SQL ] select come_date,leave_date from t_oa_visitor where trim(person_name)='王 建伟' and flag=1 order by leave_date desc; [ RunTime:0.000429s ]
---------------------------------------------------------------
[ 2019-12-08T17:14:36+08:00 ] 127.0.0.1 GET meeting.com/index.php/visit
[运行时间：0.024458s] [吞吐率：40.89req/s] [内存消耗：1,108.80kb] [文件加载：33]
[ info ] [ LANG ] E:\phpStudy\PHPTutorial\WWW\work\meeting1\thinkphp\lang\zh-cn.php
[ info ] [ ROUTE ] array (
  'type' => 'module',
  'module' => 
  array (
    0 => 'index',
    1 => 'Visitpeople',
    2 => 'index',
  ),
  'convert' => false,
)
[ info ] [ HEADER ] array (
  'accept-language' => 'zh-CN,zh;q=0.9',
  'accept-encoding' => 'gzip, deflate',
  'accept' => 'text/html,application/xhtml+xml,application/xml;q=0.9,image/webp,image/apng,*/*;q=0.8,application/signed-exchange;v=b3',
  'user-agent' => 'Mozilla/5.0 (Windows NT 10.0; Win64; x64) AppleWebKit/537.36 (KHTML, like Gecko) Chrome/78.0.3904.97 Safari/537.36',
  'upgrade-insecure-requests' => '1',
  'connection' => 'close',
  'host' => 'meeting.com',
)
[ info ] [ PARAM ] array (
)
[ info ] [ RUN ] app\index\controller\Visitpeople->index[ E:\phpStudy\PHPTutorial\WWW\work\meeting1\application\index\controller\Visitpeople.php ]
[ info ] [ VIEW ] E:\phpStudy\PHPTutorial\WWW\work\meeting1\public/../application/index\view\visitpeople\index.html [ array (
) ]
[ info ] [ LOG ] INIT File
---------------------------------------------------------------
[ 2019-12-08T17:15:50+08:00 ] 127.0.0.1 GET meeting.com/index.php/visit
[运行时间：0.027264s] [吞吐率：36.68req/s] [内存消耗：1,109.26kb] [文件加载：33]
[ info ] [ LANG ] E:\phpStudy\PHPTutorial\WWW\work\meeting1\thinkphp\lang\zh-cn.php
[ info ] [ ROUTE ] array (
  'type' => 'module',
  'module' => 
  array (
    0 => 'index',
    1 => 'Visitpeople',
    2 => 'index',
  ),
  'convert' => false,
)
[ info ] [ HEADER ] array (
  'accept-language' => 'zh-CN,zh;q=0.9',
  'accept-encoding' => 'gzip, deflate',
  'accept' => 'text/html,application/xhtml+xml,application/xml;q=0.9,image/webp,image/apng,*/*;q=0.8,application/signed-exchange;v=b3',
  'user-agent' => 'Mozilla/5.0 (Windows NT 10.0; Win64; x64) AppleWebKit/537.36 (KHTML, like Gecko) Chrome/78.0.3904.97 Safari/537.36',
  'upgrade-insecure-requests' => '1',
  'cache-control' => 'max-age=0',
  'connection' => 'close',
  'host' => 'meeting.com',
)
[ info ] [ PARAM ] array (
)
[ info ] [ RUN ] app\index\controller\Visitpeople->index[ E:\phpStudy\PHPTutorial\WWW\work\meeting1\application\index\controller\Visitpeople.php ]
[ info ] [ VIEW ] E:\phpStudy\PHPTutorial\WWW\work\meeting1\public/../application/index\view\visitpeople\index.html [ array (
) ]
[ info ] [ LOG ] INIT File
---------------------------------------------------------------
[ 2019-12-08T17:16:15+08:00 ] 127.0.0.1 POST meeting.com/index.php/visit
[运行时间：0.056763s] [吞吐率：17.62req/s] [内存消耗：1,726.94kb] [文件加载：37]
[ info ] [ LANG ] E:\phpStudy\PHPTutorial\WWW\work\meeting1\thinkphp\lang\zh-cn.php
[ info ] [ ROUTE ] array (
  'type' => 'module',
  'module' => 
  array (
    0 => 'index',
    1 => 'Visitpeople',
    2 => 'index',
  ),
  'convert' => false,
)
[ info ] [ HEADER ] array (
  'accept-language' => 'zh-CN,zh;q=0.9',
  'accept-encoding' => 'gzip, deflate',
  'referer' => 'http://meeting.com/index.php/visit',
  'accept' => 'text/html,application/xhtml+xml,application/xml;q=0.9,image/webp,image/apng,*/*;q=0.8,application/signed-exchange;v=b3',
  'user-agent' => 'Mozilla/5.0 (Windows NT 10.0; Win64; x64) AppleWebKit/537.36 (KHTML, like Gecko) Chrome/78.0.3904.97 Safari/537.36',
  'content-type' => 'application/x-www-form-urlencoded',
  'upgrade-insecure-requests' => '1',
  'origin' => 'http://meeting.com',
  'cache-control' => 'max-age=0',
  'content-length' => '45',
  'connection' => 'close',
  'host' => 'meeting.com',
)
[ info ] [ PARAM ] array (
  'name' => '',
  'carNumber' => '湘baa1222',
  'visitNumber' => '',
)
[ info ] [ RUN ] app\index\controller\Visitpeople->index[ E:\phpStudy\PHPTutorial\WWW\work\meeting1\application\index\controller\Visitpeople.php ]
[ info ] [ DB ] INIT mysql
[ info ] [ LOG ] INIT File
[ sql ] [ DB ] CONNECT:[ UseTime:0.010105s ] mysql:host=127.0.0.1;port=3306;dbname=work;charset=utf8
[ sql ] [ SQL ] update t_oa_visitor set flag = 2 WHERE UNIX_TIMESTAMP(leave_date)<1573142400 and flag!=2 and replace(car_number,' ','')='湘baa1222'; [ RunTime:0.001182s ]
[ sql ] [ SQL ] update t_oa_visitor set flag = 1 WHERE UNIX_TIMESTAMP(leave_date)>=1573142400 and flag!=1 and replace(car_number,' ','')='湘baa1222'; [ RunTime:0.024267s ]
[ sql ] [ SQL ] select come_date,leave_date from t_oa_visitor where replace(car_number,' ','')='湘baa1222' and flag=1 order by leave_date desc; [ RunTime:0.000571s ]
---------------------------------------------------------------
[ 2019-12-08T17:16:56+08:00 ] 127.0.0.1 GET meeting.com/index.php/visit
[运行时间：0.018957s] [吞吐率：52.75req/s] [内存消耗：1,108.85kb] [文件加载：33]
[ info ] [ LANG ] E:\phpStudy\PHPTutorial\WWW\work\meeting1\thinkphp\lang\zh-cn.php
[ info ] [ ROUTE ] array (
  'type' => 'module',
  'module' => 
  array (
    0 => 'index',
    1 => 'Visitpeople',
    2 => 'index',
  ),
  'convert' => false,
)
[ info ] [ HEADER ] array (
  'accept-language' => 'zh-CN,zh;q=0.9',
  'accept-encoding' => 'gzip, deflate',
  'accept' => 'text/html,application/xhtml+xml,application/xml;q=0.9,image/webp,image/apng,*/*;q=0.8,application/signed-exchange;v=b3',
  'user-agent' => 'Mozilla/5.0 (Windows NT 10.0; Win64; x64) AppleWebKit/537.36 (KHTML, like Gecko) Chrome/78.0.3904.97 Safari/537.36',
  'upgrade-insecure-requests' => '1',
  'connection' => 'close',
  'host' => 'meeting.com',
)
[ info ] [ PARAM ] array (
)
[ info ] [ RUN ] app\index\controller\Visitpeople->index[ E:\phpStudy\PHPTutorial\WWW\work\meeting1\application\index\controller\Visitpeople.php ]
[ info ] [ VIEW ] E:\phpStudy\PHPTutorial\WWW\work\meeting1\public/../application/index\view\visitpeople\index.html [ array (
) ]
[ info ] [ LOG ] INIT File
---------------------------------------------------------------
[ 2019-12-08T17:16:57+08:00 ] 127.0.0.1 GET meeting.com/index.php/visit
[运行时间：0.016758s] [吞吐率：59.67req/s] [内存消耗：1,109.30kb] [文件加载：33]
[ info ] [ LANG ] E:\phpStudy\PHPTutorial\WWW\work\meeting1\thinkphp\lang\zh-cn.php
[ info ] [ ROUTE ] array (
  'type' => 'module',
  'module' => 
  array (
    0 => 'index',
    1 => 'Visitpeople',
    2 => 'index',
  ),
  'convert' => false,
)
[ info ] [ HEADER ] array (
  'accept-language' => 'zh-CN,zh;q=0.9',
  'accept-encoding' => 'gzip, deflate',
  'accept' => 'text/html,application/xhtml+xml,application/xml;q=0.9,image/webp,image/apng,*/*;q=0.8,application/signed-exchange;v=b3',
  'user-agent' => 'Mozilla/5.0 (Windows NT 10.0; Win64; x64) AppleWebKit/537.36 (KHTML, like Gecko) Chrome/78.0.3904.97 Safari/537.36',
  'upgrade-insecure-requests' => '1',
  'cache-control' => 'max-age=0',
  'connection' => 'close',
  'host' => 'meeting.com',
)
[ info ] [ PARAM ] array (
)
[ info ] [ RUN ] app\index\controller\Visitpeople->index[ E:\phpStudy\PHPTutorial\WWW\work\meeting1\application\index\controller\Visitpeople.php ]
[ info ] [ VIEW ] E:\phpStudy\PHPTutorial\WWW\work\meeting1\public/../application/index\view\visitpeople\index.html [ array (
) ]
[ info ] [ LOG ] INIT File
---------------------------------------------------------------
[ 2019-12-08T17:16:59+08:00 ] 127.0.0.1 POST meeting.com/index.php/visit
[运行时间：0.030973s] [吞吐率：32.29req/s] [内存消耗：1,726.94kb] [文件加载：37]
[ info ] [ LANG ] E:\phpStudy\PHPTutorial\WWW\work\meeting1\thinkphp\lang\zh-cn.php
[ info ] [ ROUTE ] array (
  'type' => 'module',
  'module' => 
  array (
    0 => 'index',
    1 => 'Visitpeople',
    2 => 'index',
  ),
  'convert' => false,
)
[ info ] [ HEADER ] array (
  'accept-language' => 'zh-CN,zh;q=0.9',
  'accept-encoding' => 'gzip, deflate',
  'referer' => 'http://meeting.com/index.php/visit',
  'accept' => 'text/html,application/xhtml+xml,application/xml;q=0.9,image/webp,image/apng,*/*;q=0.8,application/signed-exchange;v=b3',
  'user-agent' => 'Mozilla/5.0 (Windows NT 10.0; Win64; x64) AppleWebKit/537.36 (KHTML, like Gecko) Chrome/78.0.3904.97 Safari/537.36',
  'content-type' => 'application/x-www-form-urlencoded',
  'upgrade-insecure-requests' => '1',
  'origin' => 'http://meeting.com',
  'cache-control' => 'max-age=0',
  'content-length' => '45',
  'connection' => 'close',
  'host' => 'meeting.com',
)
[ info ] [ PARAM ] array (
  'name' => '',
  'carNumber' => '湘Baa1222',
  'visitNumber' => '',
)
[ info ] [ RUN ] app\index\controller\Visitpeople->index[ E:\phpStudy\PHPTutorial\WWW\work\meeting1\application\index\controller\Visitpeople.php ]
[ info ] [ DB ] INIT mysql
[ info ] [ LOG ] INIT File
[ sql ] [ DB ] CONNECT:[ UseTime:0.001890s ] mysql:host=127.0.0.1;port=3306;dbname=work;charset=utf8
[ sql ] [ SQL ] update t_oa_visitor set flag = 2 WHERE UNIX_TIMESTAMP(leave_date)<1573142400 and flag!=2 and replace(car_number,' ','')='湘Baa1222'; [ RunTime:0.001308s ]
[ sql ] [ SQL ] update t_oa_visitor set flag = 1 WHERE UNIX_TIMESTAMP(leave_date)>=1573142400 and flag!=1 and replace(car_number,' ','')='湘Baa1222'; [ RunTime:0.000417s ]
[ sql ] [ SQL ] select come_date,leave_date from t_oa_visitor where replace(car_number,' ','')='湘Baa1222' and flag=1 order by leave_date desc; [ RunTime:0.000498s ]
---------------------------------------------------------------
[ 2019-12-08T17:18:12+08:00 ] 127.0.0.1 GET meeting.com/index.php/visit
[运行时间：0.027703s] [吞吐率：36.10req/s] [内存消耗：1,108.85kb] [文件加载：33]
[ info ] [ LANG ] E:\phpStudy\PHPTutorial\WWW\work\meeting1\thinkphp\lang\zh-cn.php
[ info ] [ ROUTE ] array (
  'type' => 'module',
  'module' => 
  array (
    0 => 'index',
    1 => 'Visitpeople',
    2 => 'index',
  ),
  'convert' => false,
)
[ info ] [ HEADER ] array (
  'accept-language' => 'zh-CN,zh;q=0.9',
  'accept-encoding' => 'gzip, deflate',
  'accept' => 'text/html,application/xhtml+xml,application/xml;q=0.9,image/webp,image/apng,*/*;q=0.8,application/signed-exchange;v=b3',
  'user-agent' => 'Mozilla/5.0 (Windows NT 10.0; Win64; x64) AppleWebKit/537.36 (KHTML, like Gecko) Chrome/78.0.3904.97 Safari/537.36',
  'upgrade-insecure-requests' => '1',
  'connection' => 'close',
  'host' => 'meeting.com',
)
[ info ] [ PARAM ] array (
)
[ info ] [ RUN ] app\index\controller\Visitpeople->index[ E:\phpStudy\PHPTutorial\WWW\work\meeting1\application\index\controller\Visitpeople.php ]
[ info ] [ VIEW ] E:\phpStudy\PHPTutorial\WWW\work\meeting1\public/../application/index\view\visitpeople\index.html [ array (
) ]
[ info ] [ LOG ] INIT File
---------------------------------------------------------------
[ 2019-12-08T17:18:12+08:00 ] 127.0.0.1 GET meeting.com/index.php/visit
[运行时间：0.017195s] [吞吐率：58.16req/s] [内存消耗：1,109.30kb] [文件加载：33]
[ info ] [ LANG ] E:\phpStudy\PHPTutorial\WWW\work\meeting1\thinkphp\lang\zh-cn.php
[ info ] [ ROUTE ] array (
  'type' => 'module',
  'module' => 
  array (
    0 => 'index',
    1 => 'Visitpeople',
    2 => 'index',
  ),
  'convert' => false,
)
[ info ] [ HEADER ] array (
  'accept-language' => 'zh-CN,zh;q=0.9',
  'accept-encoding' => 'gzip, deflate',
  'accept' => 'text/html,application/xhtml+xml,application/xml;q=0.9,image/webp,image/apng,*/*;q=0.8,application/signed-exchange;v=b3',
  'user-agent' => 'Mozilla/5.0 (Windows NT 10.0; Win64; x64) AppleWebKit/537.36 (KHTML, like Gecko) Chrome/78.0.3904.97 Safari/537.36',
  'upgrade-insecure-requests' => '1',
  'cache-control' => 'max-age=0',
  'connection' => 'close',
  'host' => 'meeting.com',
)
[ info ] [ PARAM ] array (
)
[ info ] [ RUN ] app\index\controller\Visitpeople->index[ E:\phpStudy\PHPTutorial\WWW\work\meeting1\application\index\controller\Visitpeople.php ]
[ info ] [ VIEW ] E:\phpStudy\PHPTutorial\WWW\work\meeting1\public/../application/index\view\visitpeople\index.html [ array (
) ]
[ info ] [ LOG ] INIT File
---------------------------------------------------------------
[ 2019-12-08T17:18:14+08:00 ] 127.0.0.1 POST meeting.com/index.php/visit
[运行时间：0.026428s] [吞吐率：37.84req/s] [内存消耗：1,726.94kb] [文件加载：37]
[ info ] [ LANG ] E:\phpStudy\PHPTutorial\WWW\work\meeting1\thinkphp\lang\zh-cn.php
[ info ] [ ROUTE ] array (
  'type' => 'module',
  'module' => 
  array (
    0 => 'index',
    1 => 'Visitpeople',
    2 => 'index',
  ),
  'convert' => false,
)
[ info ] [ HEADER ] array (
  'accept-language' => 'zh-CN,zh;q=0.9',
  'accept-encoding' => 'gzip, deflate',
  'referer' => 'http://meeting.com/index.php/visit',
  'accept' => 'text/html,application/xhtml+xml,application/xml;q=0.9,image/webp,image/apng,*/*;q=0.8,application/signed-exchange;v=b3',
  'user-agent' => 'Mozilla/5.0 (Windows NT 10.0; Win64; x64) AppleWebKit/537.36 (KHTML, like Gecko) Chrome/78.0.3904.97 Safari/537.36',
  'content-type' => 'application/x-www-form-urlencoded',
  'upgrade-insecure-requests' => '1',
  'origin' => 'http://meeting.com',
  'cache-control' => 'max-age=0',
  'content-length' => '45',
  'connection' => 'close',
  'host' => 'meeting.com',
)
[ info ] [ PARAM ] array (
  'name' => '',
  'carNumber' => '湘Baa1222',
  'visitNumber' => '',
)
[ info ] [ RUN ] app\index\controller\Visitpeople->index[ E:\phpStudy\PHPTutorial\WWW\work\meeting1\application\index\controller\Visitpeople.php ]
[ info ] [ DB ] INIT mysql
[ info ] [ LOG ] INIT File
[ sql ] [ DB ] CONNECT:[ UseTime:0.001564s ] mysql:host=127.0.0.1;port=3306;dbname=work;charset=utf8
[ sql ] [ SQL ] update t_oa_visitor set flag = 2 WHERE UNIX_TIMESTAMP(leave_date)<1573142400 and flag!=2 and replace(car_number,' ','')='湘Baa1222'; [ RunTime:0.000978s ]
[ sql ] [ SQL ] update t_oa_visitor set flag = 1 WHERE UNIX_TIMESTAMP(leave_date)>=1573142400 and flag!=1 and replace(car_number,' ','')='湘Baa1222'; [ RunTime:0.000277s ]
[ sql ] [ SQL ] select come_date,leave_date from t_oa_visitor where replace(car_number,' ','')='湘Baa1222' and flag=1 order by leave_date desc; [ RunTime:0.000324s ]
---------------------------------------------------------------
[ 2019-12-08T17:18:15+08:00 ] 127.0.0.1 GET meeting.com/index.php/visit
[运行时间：0.022006s] [吞吐率：45.44req/s] [内存消耗：1,108.85kb] [文件加载：33]
[ info ] [ LANG ] E:\phpStudy\PHPTutorial\WWW\work\meeting1\thinkphp\lang\zh-cn.php
[ info ] [ ROUTE ] array (
  'type' => 'module',
  'module' => 
  array (
    0 => 'index',
    1 => 'Visitpeople',
    2 => 'index',
  ),
  'convert' => false,
)
[ info ] [ HEADER ] array (
  'accept-language' => 'zh-CN,zh;q=0.9',
  'accept-encoding' => 'gzip, deflate',
  'accept' => 'text/html,application/xhtml+xml,application/xml;q=0.9,image/webp,image/apng,*/*;q=0.8,application/signed-exchange;v=b3',
  'user-agent' => 'Mozilla/5.0 (Windows NT 10.0; Win64; x64) AppleWebKit/537.36 (KHTML, like Gecko) Chrome/78.0.3904.97 Safari/537.36',
  'upgrade-insecure-requests' => '1',
  'connection' => 'close',
  'host' => 'meeting.com',
)
[ info ] [ PARAM ] array (
)
[ info ] [ RUN ] app\index\controller\Visitpeople->index[ E:\phpStudy\PHPTutorial\WWW\work\meeting1\application\index\controller\Visitpeople.php ]
[ info ] [ VIEW ] E:\phpStudy\PHPTutorial\WWW\work\meeting1\public/../application/index\view\visitpeople\index.html [ array (
) ]
[ info ] [ LOG ] INIT File
